0 verbose cli /usr/local/bin/node /usr/local/bin/npm
1 info using npm@8.19.4
2 info using node@v16.20.1
3 timing npm:load:whichnode Completed in 1ms
4 timing config:load:defaults Completed in 2ms
5 timing config:load:file:/usr/local/lib/node_modules/npm/npmrc Completed in 1ms
6 timing config:load:builtin Completed in 1ms
7 timing config:load:cli Completed in 3ms
8 timing config:load:env Completed in 0ms
9 timing config:load:file:/client/.npmrc Completed in 4ms
10 timing config:load:project Completed in 9ms
11 timing config:load:file:/root/.npmrc Completed in 4ms
12 timing config:load:user Completed in 5ms
13 timing config:load:file:/usr/local/etc/npmrc Completed in 1ms
14 timing config:load:global Completed in 2ms
15 timing config:load:validate Completed in 1ms
16 timing config:load:credentials Completed in 1ms
17 timing config:load:setEnvs Completed in 2ms
18 timing config:load Completed in 28ms
19 timing npm:load:configload Completed in 28ms
20 timing npm:load:mkdirpcache Completed in 8ms
21 timing npm:load:mkdirplogs Completed in 0ms
22 verbose title npm run build
23 verbose argv "run" "build"
24 timing npm:load:setTitle Completed in 2ms
25 timing config:load:flatten Completed in 4ms
26 timing npm:load:display Completed in 6ms
27 verbose logfile logs-max:10 dir:/client/.npm/_logs
28 verbose logfile /client/.npm/_logs/2024-10-08T01_15_20_246Z-debug-0.log
29 timing npm:load:logFile Completed in 7ms
30 timing npm:load:timers Completed in 0ms
31 timing npm:load:configScope Completed in 0ms
32 timing npm:load Completed in 54ms
33 silly logfile start cleaning logs, removing 1 files
34 silly logfile done cleaning log files
35 http fetch GET 200 https://registry.npmjs.org/npm 1331ms (cache miss)
36 timing command:run Completed in 144599ms
37 notice
37 notice New [31mmajor[39m version of npm available! [31m8.19.4[39m -> [32m10.9.0[39m
37 notice Changelog: [36mhttps://github.com/npm/cli/releases/tag/v10.9.0[39m
37 notice Run [32mnpm install -g npm@10.9.0[39m to update!
37 notice
38 verbose exit 1
39 timing npm Completed in 144715ms
40 verbose code 1
