0 verbose cli /usr/local/bin/node /usr/local/bin/npm
1 info using npm@8.19.4
2 info using node@v16.20.1
3 timing npm:load:whichnode Completed in 0ms
4 timing config:load:defaults Completed in 2ms
5 timing config:load:file:/usr/local/lib/node_modules/npm/npmrc Completed in 1ms
6 timing config:load:builtin Completed in 1ms
7 timing config:load:cli Completed in 3ms
8 timing config:load:env Completed in 1ms
9 timing config:load:file:/client/.npmrc Completed in 1ms
10 timing config:load:project Completed in 4ms
11 timing config:load:file:/root/.npmrc Completed in 7ms
12 timing config:load:user Completed in 7ms
13 timing config:load:file:/usr/local/etc/npmrc Completed in 1ms
14 timing config:load:global Completed in 1ms
15 timing config:load:validate Completed in 1ms
16 timing config:load:credentials Completed in 23ms
17 timing config:load:setEnvs Completed in 2ms
18 timing config:load Completed in 45ms
19 timing npm:load:configload Completed in 46ms
20 timing npm:load:mkdirpcache Completed in 1ms
21 timing npm:load:mkdirplogs Completed in 8ms
22 verbose title npm install
23 verbose argv "install"
24 timing npm:load:setTitle Completed in 1ms
25 timing config:load:flatten Completed in 4ms
26 timing npm:load:display Completed in 6ms
27 verbose logfile logs-max:10 dir:/client/.npm/_logs
28 verbose logfile /client/.npm/_logs/2024-10-21T20_23_57_719Z-debug-0.log
29 timing npm:load:logFile Completed in 8ms
30 timing npm:load:timers Completed in 0ms
31 timing npm:load:configScope Completed in 0ms
32 timing npm:load Completed in 71ms
33 timing arborist:ctor Completed in 1ms
34 silly logfile start cleaning logs, removing 1 files
35 silly logfile done cleaning log files
36 timing idealTree:init Completed in 2308ms
37 timing idealTree:userRequests Completed in 0ms
38 silly idealTree buildDeps
39 timing idealTree:#root Completed in 1ms
40 timing idealTree:buildDeps Completed in 2ms
41 timing idealTree:fixDepFlags Completed in 1ms
42 timing idealTree Completed in 2339ms
43 timing arborist:ctor Completed in 1ms
44 timing reify:loadTrees Completed in 11773ms
45 timing reify:diffTrees Completed in 143ms
46 silly reify moves {}
47 timing reify:retireShallow Completed in 1ms
48 http fetch GET 200 https://registry.npmjs.org/npm 11939ms (cache revalidated)
49 timing reify:createSparse Completed in 79ms
50 timing reify:loadBundles Completed in 0ms
51 silly audit bulk request {
51 silly audit   '@aashutoshrathi/word-wrap': [ '1.2.6' ],
51 silly audit   '@adobe/css-tools': [ '4.4.0' ],
51 silly audit   '@alloc/quick-lru': [ '5.2.0' ],
51 silly audit   '@ampproject/remapping': [ '2.2.1' ],
51 silly audit   '@apideck/better-ajv-errors': [ '0.3.6' ],
51 silly audit   '@babel/code-frame': [ '7.24.7' ],
51 silly audit   '@babel/compat-data': [ '7.19.4', '7.22.9' ],
51 silly audit   '@babel/core': [ '7.19.6' ],
51 silly audit   '@babel/eslint-parser': [ '7.22.10' ],
51 silly audit   'eslint-visitor-keys': [ '2.1.0', '3.4.3' ],
51 silly audit   '@babel/generator': [ '7.19.6', '7.25.6' ],
51 silly audit   '@babel/helper-annotate-as-pure': [ '7.22.5' ],
51 silly audit   '@babel/helper-builder-binary-assignment-operator-visitor': [ '7.22.10' ],
51 silly audit   '@babel/helper-compilation-targets': [ '7.19.3', '7.22.10' ],
51 silly audit   '@babel/helper-create-class-features-plugin': [ '7.19.0', '7.22.10' ],
51 silly audit   '@babel/helper-create-regexp-features-plugin': [ '7.22.9' ],
51 silly audit   '@babel/helper-define-polyfill-provider': [ '0.4.2' ],
51 silly audit   'lru-cache': [ '5.1.1', '6.0.0' ],
51 silly audit   yallist: [ '3.1.1', '4.0.0' ],
51 silly audit   '@babel/helper-environment-visitor': [ '7.22.5' ],
51 silly audit   '@babel/helper-function-name': [ '7.22.5' ],
51 silly audit   '@babel/helper-hoist-variables': [ '7.22.5' ],
51 silly audit   '@babel/helper-member-expression-to-functions': [ '7.22.5' ],
51 silly audit   '@babel/helper-module-imports': [ '7.22.5' ],
51 silly audit   '@babel/helper-module-transforms': [ '7.19.6', '7.22.9' ],
51 silly audit   '@babel/helper-optimise-call-expression': [ '7.22.5' ],
51 silly audit   '@babel/helper-plugin-utils': [ '7.22.5' ],
51 silly audit   '@babel/helper-remap-async-to-generator': [ '7.22.9' ],
51 silly audit   '@babel/helper-replace-supers': [ '7.22.9' ],
51 silly audit   '@babel/helper-simple-access': [ '7.22.5' ],
51 silly audit   '@babel/helper-skip-transparent-expression-wrappers': [ '7.22.5' ],
51 silly audit   '@babel/helper-split-export-declaration': [ '7.22.6' ],
51 silly audit   '@babel/helper-string-parser': [ '7.24.8' ],
51 silly audit   '@babel/helper-validator-identifier': [ '7.24.7' ],
51 silly audit   '@babel/helper-validator-option': [ '7.22.5' ],
51 silly audit   '@babel/helper-wrap-function': [ '7.22.10' ],
51 silly audit   '@babel/helpers': [ '7.22.10' ],
51 silly audit   '@babel/highlight': [ '7.24.7' ],
51 silly audit   '@babel/parser': [ '7.25.6' ],
51 silly audit   '@babel/plugin-bugfix-safari-id-destructuring-collision-in-function-expression': [ '7.22.5' ],
51 silly audit   '@babel/plugin-bugfix-v8-spread-parameters-in-optional-chaining': [ '7.22.5' ],
51 silly audit   '@babel/plugin-proposal-class-properties': [ '7.18.6' ],
51 silly audit   '@babel/plugin-proposal-decorators': [ '7.22.10' ],
51 silly audit   '@babel/plugin-proposal-nullish-coalescing-operator': [ '7.18.6' ],
51 silly audit   '@babel/plugin-proposal-numeric-separator': [ '7.18.6' ],
51 silly audit   '@babel/plugin-proposal-optional-chaining': [ '7.21.0' ],
51 silly audit   '@babel/plugin-proposal-private-methods': [ '7.18.6' ],
51 silly audit   '@babel/plugin-proposal-private-property-in-object': [ '7.21.0-placeholder-for-preset-env.2' ],
51 silly audit   '@babel/plugin-syntax-async-generators': [ '7.8.4' ],
51 silly audit   '@babel/plugin-syntax-bigint': [ '7.8.3' ],
51 silly audit   '@babel/plugin-syntax-class-properties': [ '7.12.13' ],
51 silly audit   '@babel/plugin-syntax-class-static-block': [ '7.14.5' ],
51 silly audit   '@babel/plugin-syntax-decorators': [ '7.22.10' ],
51 silly audit   '@babel/plugin-syntax-dynamic-import': [ '7.8.3' ],
51 silly audit   '@babel/plugin-syntax-export-namespace-from': [ '7.8.3' ],
51 silly audit   '@babel/plugin-syntax-flow': [ '7.22.5' ],
51 silly audit   '@babel/plugin-syntax-import-assertions': [ '7.22.5' ],
51 silly audit   '@babel/plugin-syntax-import-attributes': [ '7.22.5' ],
51 silly audit   '@babel/plugin-syntax-import-meta': [ '7.10.4' ],
51 silly audit   '@babel/plugin-syntax-json-strings': [ '7.8.3' ],
51 silly audit   '@babel/plugin-syntax-jsx': [ '7.22.5' ],
51 silly audit   '@babel/plugin-syntax-logical-assignment-operators': [ '7.10.4' ],
51 silly audit   '@babel/plugin-syntax-nullish-coalescing-operator': [ '7.8.3' ],
51 silly audit   '@babel/plugin-syntax-numeric-separator': [ '7.10.4' ],
51 silly audit   '@babel/plugin-syntax-object-rest-spread': [ '7.8.3' ],
51 silly audit   '@babel/plugin-syntax-optional-catch-binding': [ '7.8.3' ],
51 silly audit   '@babel/plugin-syntax-optional-chaining': [ '7.8.3' ],
51 silly audit   '@babel/plugin-syntax-private-property-in-object': [ '7.14.5' ],
51 silly audit   '@babel/plugin-syntax-top-level-await': [ '7.14.5' ],
51 silly audit   '@babel/plugin-syntax-typescript': [ '7.22.5' ],
51 silly audit   '@babel/plugin-syntax-unicode-sets-regex': [ '7.18.6' ],
51 silly audit   '@babel/plugin-transform-arrow-functions': [ '7.22.5' ],
51 silly audit   '@babel/plugin-transform-async-generator-functions': [ '7.22.10' ],
51 silly audit   '@babel/plugin-transform-async-to-generator': [ '7.22.5' ],
51 silly audit   '@babel/plugin-transform-block-scoped-functions': [ '7.22.5' ],
51 silly audit   '@babel/plugin-transform-block-scoping': [ '7.22.10' ],
51 silly audit   '@babel/plugin-transform-class-properties': [ '7.22.5' ],
51 silly audit   '@babel/plugin-transform-class-static-block': [ '7.22.5' ],
51 silly audit   '@babel/plugin-transform-classes': [ '7.22.6' ],
51 silly audit   '@babel/plugin-transform-computed-properties': [ '7.22.5' ],
51 silly audit   '@babel/plugin-transform-destructuring': [ '7.22.10' ],
51 silly audit   '@babel/plugin-transform-dotall-regex': [ '7.22.5' ],
51 silly audit   '@babel/plugin-transform-duplicate-keys': [ '7.22.5' ],
51 silly audit   '@babel/plugin-transform-dynamic-import': [ '7.22.5' ],
51 silly audit   '@babel/plugin-transform-exponentiation-operator': [ '7.22.5' ],
51 silly audit   '@babel/plugin-transform-export-namespace-from': [ '7.22.5' ],
51 silly audit   '@babel/plugin-transform-flow-strip-types': [ '7.22.5' ],
51 silly audit   '@babel/plugin-transform-for-of': [ '7.22.5' ],
51 silly audit   '@babel/plugin-transform-function-name': [ '7.22.5' ],
51 silly audit   '@babel/plugin-transform-json-strings': [ '7.22.5' ],
51 silly audit   '@babel/plugin-transform-literals': [ '7.22.5' ],
51 silly audit   '@babel/plugin-transform-logical-assignment-operators': [ '7.22.5' ],
51 silly audit   '@babel/plugin-transform-member-expression-literals': [ '7.22.5' ],
51 silly audit   '@babel/plugin-transform-modules-amd': [ '7.22.5' ],
51 silly audit   '@babel/plugin-transform-modules-commonjs': [ '7.22.5' ],
51 silly audit   '@babel/plugin-transform-modules-systemjs': [ '7.22.5' ],
51 silly audit   '@babel/plugin-transform-modules-umd': [ '7.22.5' ],
51 silly audit   '@babel/plugin-transform-named-capturing-groups-regex': [ '7.22.5' ],
51 silly audit   '@babel/plugin-transform-new-target': [ '7.22.5' ],
51 silly audit   '@babel/plugin-transform-nullish-coalescing-operator': [ '7.22.5' ],
51 silly audit   '@babel/plugin-transform-numeric-separator': [ '7.22.5' ],
51 silly audit   '@babel/plugin-transform-object-rest-spread': [ '7.22.5' ],
51 silly audit   '@babel/plugin-transform-object-super': [ '7.22.5' ],
51 silly audit   '@babel/plugin-transform-optional-catch-binding': [ '7.22.5' ],
51 silly audit   '@babel/plugin-transform-optional-chaining': [ '7.22.10' ],
51 silly audit   '@babel/plugin-transform-parameters': [ '7.22.5' ],
51 silly audit   '@babel/plugin-transform-private-methods': [ '7.22.5' ],
51 silly audit   '@babel/plugin-transform-private-property-in-object': [ '7.22.5' ],
51 silly audit   '@babel/plugin-transform-property-literals': [ '7.22.5' ],
51 silly audit   '@babel/plugin-transform-react-constant-elements': [ '7.22.5' ],
51 silly audit   '@babel/plugin-transform-react-display-name': [ '7.22.5' ],
51 silly audit   '@babel/plugin-transform-react-jsx': [ '7.22.5' ],
51 silly audit   '@babel/plugin-transform-react-jsx-development': [ '7.22.5' ],
51 silly audit   '@babel/plugin-transform-react-pure-annotations': [ '7.22.5' ],
51 silly audit   '@babel/plugin-transform-regenerator': [ '7.22.10' ],
51 silly audit   '@babel/plugin-transform-reserved-words': [ '7.22.5' ],
51 silly audit   '@babel/plugin-transform-runtime': [ '7.22.10' ],
51 silly audit   '@babel/plugin-transform-shorthand-properties': [ '7.22.5' ],
51 silly audit   '@babel/plugin-transform-spread': [ '7.22.5' ],
51 silly audit   '@babel/plugin-transform-sticky-regex': [ '7.22.5' ],
51 silly audit   '@babel/plugin-transform-template-literals': [ '7.22.5' ],
51 silly audit   '@babel/plugin-transform-typeof-symbol': [ '7.22.5' ],
51 silly audit   '@babel/plugin-transform-typescript': [ '7.22.10' ],
51 silly audit   '@babel/plugin-transform-unicode-escapes': [ '7.22.10' ],
51 silly audit   '@babel/plugin-transform-unicode-property-regex': [ '7.22.5' ],
51 silly audit   '@babel/plugin-transform-unicode-regex': [ '7.22.5' ],
51 silly audit   '@babel/plugin-transform-unicode-sets-regex': [ '7.22.5' ],
51 silly audit   '@babel/preset-env': [ '7.22.10' ],
51 silly audit   '@babel/preset-modules': [ '0.1.6-no-external-plugins' ],
51 silly audit   '@babel/preset-react': [ '7.22.5' ],
51 silly audit   '@babel/preset-typescript': [ '7.22.5' ],
51 silly audit   '@babel/regjsgen': [ '0.8.0' ],
51 silly audit   '@babel/runtime': [ '7.22.10' ],
51 silly audit   '@babel/runtime-corejs3': [ '7.22.10' ],
51 silly audit   '@babel/template': [ '7.25.0' ],
51 silly audit   '@babel/traverse': [ '7.25.6' ],
51 silly audit   '@babel/types': [ '7.25.6' ],
51 silly audit   '@bcoe/v8-coverage': [ '0.2.3' ],
51 silly audit   '@csstools/normalize.css': [ '12.0.0' ],
51 silly audit   '@csstools/postcss-cascade-layers': [ '1.1.1' ],
51 silly audit   '@csstools/postcss-color-function': [ '1.1.1' ],
51 silly audit   '@csstools/postcss-font-format-keywords': [ '1.0.1' ],
51 silly audit   '@csstools/postcss-hwb-function': [ '1.0.2' ],
51 silly audit   '@csstools/postcss-ic-unit': [ '1.0.1' ],
51 silly audit   '@csstools/postcss-is-pseudo-class': [ '2.0.7' ],
51 silly audit   '@csstools/postcss-nested-calc': [ '1.0.0' ],
51 silly audit   '@csstools/postcss-normalize-display-values': [ '1.0.1' ],
51 silly audit   '@csstools/postcss-oklab-function': [ '1.1.1' ],
51 silly audit   '@csstools/postcss-progressive-custom-properties': [ '1.3.0' ],
51 silly audit   '@csstools/postcss-stepped-value-functions': [ '1.0.1' ],
51 silly audit   '@csstools/postcss-text-decoration-shorthand': [ '1.0.0' ],
51 silly audit   '@csstools/postcss-trigonometric-functions': [ '1.0.2' ],
51 silly audit   '@csstools/postcss-unset-value': [ '1.0.2' ],
51 silly audit   '@csstools/selector-specificity': [ '2.2.0' ],
51 silly audit   '@emotion/is-prop-valid': [ '1.2.1' ],
51 silly audit   '@emotion/memoize': [ '0.8.1' ],
51 silly audit   '@emotion/stylis': [ '0.8.5' ],
51 silly audit   '@emotion/unitless': [ '0.7.5' ],
51 silly audit   '@eslint-community/eslint-utils': [ '4.4.0' ],
51 silly audit   '@eslint-community/regexpp': [ '4.6.2' ],
51 silly audit   '@eslint/eslintrc': [ '2.1.2' ],
51 silly audit   ajv: [ '6.12.6', '8.12.0' ],
51 silly audit   argparse: [ '2.0.1', '1.0.10' ],
51 silly audit   globals: [ '13.21.0', '11.12.0' ],
51 silly audit   'js-yaml': [ '4.1.0', '3.14.1' ],
51 silly audit   'json-schema-traverse': [ '0.4.1', '1.0.0' ],
51 silly audit   'type-fest': [ '0.20.2', '0.16.0', '0.21.3' ],
51 silly audit   '@eslint/js': [ '8.47.0' ],
51 silly audit   '@expo-google-fonts/anton': [ '0.2.3' ],
51 silly audit   '@humanwhocodes/config-array': [ '0.11.10' ],
51 silly audit   '@humanwhocodes/module-importer': [ '1.0.1' ],
51 silly audit   '@humanwhocodes/object-schema': [ '1.2.1' ],
51 silly audit   '@istanbuljs/load-nyc-config': [ '1.1.0' ],
51 silly audit   camelcase: [ '5.3.1', '6.3.0' ],
51 silly audit   'find-up': [ '4.1.0', '5.0.0', '3.0.0' ],
51 silly audit   'locate-path': [ '5.0.0', '6.0.0', '3.0.0' ],
51 silly audit   'p-limit': [ '2.3.0', '3.1.0' ],
51 silly audit   'p-locate': [ '4.1.0', '5.0.0', '3.0.0' ],
51 silly audit   '@istanbuljs/schema': [ '0.1.3' ],
51 silly audit   '@jest/console': [ '27.5.1', '28.1.3' ],
51 silly audit   '@jest/types': [ '27.5.1', '29.6.1', '28.1.3', '26.6.2' ],
51 silly audit   '@types/yargs': [ '16.0.5', '17.0.24', '15.0.15' ],
51 silly audit   'ansi-styles': [ '4.3.0', '5.2.0', '3.2.1' ],
51 silly audit   chalk: [ '4.1.2', '3.0.0', '2.4.2' ],
51 silly audit   'color-convert': [ '2.0.1', '1.9.3' ],
51 silly audit   'color-name': [ '1.1.4', '1.1.3' ],
51 silly audit   'has-flag': [ '4.0.0', '3.0.0' ],
51 silly audit   'jest-message-util': [ '27.5.1', '29.6.2', '28.1.3' ],
51 silly audit   'jest-util': [ '27.5.1', '29.6.2', '28.1.3' ],
51 silly audit   'pretty-format': [ '27.5.1', '29.6.2', '28.1.3', '26.6.2' ],
51 silly audit   'supports-color': [ '7.2.0', '8.1.1', '5.5.0' ],
51 silly audit   '@jest/core': [ '27.5.1' ],
51 silly audit   '@jest/environment': [ '27.5.1' ],
51 silly audit   '@jest/expect-utils': [ '29.6.2' ],
51 silly audit   '@jest/fake-timers': [ '27.5.1' ],
51 silly audit   '@jest/globals': [ '27.5.1' ],
51 silly audit   'diff-sequences': [ '27.5.1', '29.4.3' ],
51 silly audit   expect: [ '27.5.1', '29.6.2' ],
51 silly audit   'jest-diff': [ '27.5.1', '29.6.2' ],
51 silly audit   'jest-get-type': [ '27.5.1', '29.4.3' ],
51 silly audit   'jest-matcher-utils': [ '27.5.1', '29.6.2' ],
51 silly audit   '@jest/reporters': [ '27.5.1' ],
51 silly audit   'source-map': [ '0.6.1', '0.7.4', '0.8.0-beta.0' ],
51 silly audit   '@jest/schemas': [ '29.6.0', '28.1.3' ],
51 silly audit   '@jest/source-map': [ '27.5.1' ],
51 silly audit   '@jest/test-result': [ '27.5.1', '28.1.3' ],
51 silly audit   '@jest/test-sequencer': [ '27.5.1' ],
51 silly audit   '@jest/transform': [ '27.5.1' ],
51 silly audit   '@jridgewell/gen-mapping': [ '0.3.5' ],
51 silly audit   '@jridgewell/resolve-uri': [ '3.1.1' ],
51 silly audit   '@jridgewell/set-array': [ '1.2.1' ],
51 silly audit   '@jridgewell/source-map': [ '0.3.5' ],
51 silly audit   '@jridgewell/sourcemap-codec': [ '1.4.15' ],
51 silly audit   '@jridgewell/trace-mapping': [ '0.3.25' ],
51 silly audit   '@leichtgewicht/ip-codec': [ '2.0.4' ],
51 silly audit   '@nicolo-ribaudo/eslint-scope-5-internals': [ '5.1.1-v1' ],
51 silly audit   'eslint-scope': [ '5.1.1', '7.2.2' ],
51 silly audit   estraverse: [ '4.3.0', '5.3.0' ],
51 silly audit   '@nodelib/fs.scandir': [ '2.1.5' ],
51 silly audit   '@nodelib/fs.stat': [ '2.0.5' ],
51 silly audit   '@nodelib/fs.walk': [ '1.2.8' ],
51 silly audit   '@pmmmwh/react-refresh-webpack-plugin': [ '0.5.11' ],
51 silly audit   '@popperjs/core': [ '2.11.8' ],
51 silly audit   '@reduxjs/toolkit': [ '1.9.5' ],
51 silly audit   '@restart/context': [ '2.1.4' ],
51 silly audit   '@restart/hooks': [ '0.4.11' ],
51 silly audit   '@rollup/plugin-babel': [ '5.3.1' ],
51 silly audit   '@rollup/plugin-node-resolve': [ '11.2.1' ],
51 silly audit   '@rollup/plugin-replace': [ '2.4.2' ],
51 silly audit   '@rollup/pluginutils': [ '3.1.0' ],
51 silly audit   '@types/estree': [ '0.0.39', '1.0.5' ],
51 silly audit   '@rushstack/eslint-patch': [ '1.3.3' ],
51 silly audit   '@sinclair/typebox': [ '0.27.8', '0.24.51' ],
51 silly audit   '@sinonjs/commons': [ '1.8.6' ],
51 silly audit   '@sinonjs/fake-timers': [ '8.1.0' ],
51 silly audit   '@surma/rollup-plugin-off-main-thread': [ '2.2.3' ],
51 silly audit   '@svgr/babel-plugin-add-jsx-attribute': [ '5.4.0' ],
51 silly audit   '@svgr/babel-plugin-remove-jsx-attribute': [ '5.4.0' ],
51 silly audit   '@svgr/babel-plugin-remove-jsx-empty-expression': [ '5.0.1' ],
51 silly audit   '@svgr/babel-plugin-replace-jsx-attribute-value': [ '5.0.1' ],
51 silly audit   '@svgr/babel-plugin-svg-dynamic-title': [ '5.4.0' ],
51 silly audit   '@svgr/babel-plugin-svg-em-dimensions': [ '5.4.0' ],
51 silly audit   '@svgr/babel-plugin-transform-react-native-svg': [ '5.4.0' ],
51 silly audit   '@svgr/babel-plugin-transform-svg-component': [ '5.5.0' ],
51 silly audit   '@svgr/babel-preset': [ '5.5.0' ],
51 silly audit   '@svgr/core': [ '5.5.0' ],
51 silly audit   '@svgr/hast-util-to-babel-ast': [ '5.5.0' ],
51 silly audit   '@svgr/plugin-jsx': [ '5.5.0' ],
51 silly audit   '@svgr/plugin-svgo': [ '5.5.0' ],
51 silly audit   '@svgr/webpack': [ '5.5.0' ],
51 silly audit   '@syncfusion/ej2-base': [ '22.2.9' ],
51 silly audit   '@syncfusion/ej2-buttons': [ '22.2.9' ],
51 silly audit   '@syncfusion/ej2-icons': [ '22.2.5' ],
51 silly audit   '@syncfusion/ej2-inputs': [ '22.2.9' ],
51 silly audit   '@syncfusion/ej2-popups': [ '22.2.9' ],
51 silly audit   '@syncfusion/ej2-react-base': [ '22.2.5' ],
51 silly audit   '@syncfusion/ej2-react-inputs': [ '22.2.9' ],
51 silly audit   '@syncfusion/ej2-splitbuttons': [ '22.2.8' ],
51 silly audit   '@testing-library/dom': [ '7.31.2' ],
51 silly audit   'aria-query': [ '4.2.2', '5.3.0' ],
51 silly audit   '@testing-library/jest-dom': [ '5.17.0' ],
51 silly audit   '@testing-library/react': [ '11.2.7' ],
51 silly audit   '@testing-library/user-event': [ '12.8.3' ],
51 silly audit   '@tkrotoff/bootstrap-floating-label': [ '0.12.2' ],
51 silly audit   '@tootallnate/once': [ '1.1.2' ],
51 silly audit   '@trysound/sax': [ '0.2.0' ],
51 silly audit   '@types/aria-query': [ '4.2.2' ],
51 silly audit   '@types/babel__core': [ '7.20.1' ],
51 silly audit   '@types/babel__generator': [ '7.6.4' ],
51 silly audit   '@types/babel__template': [ '7.4.1' ],
51 silly audit   '@types/babel__traverse': [ '7.20.1' ],
51 silly audit   '@types/body-parser': [ '1.19.2' ],
51 silly audit   '@types/bonjour': [ '3.5.10' ],
51 silly audit   '@types/connect': [ '3.4.35' ],
51 silly audit   '@types/connect-history-api-fallback': [ '1.5.0' ],
51 silly audit   '@types/eslint': [ '8.44.2' ],
51 silly audit   '@types/express': [ '4.17.17' ],
51 silly audit   '@types/express-serve-static-core': [ '4.17.35' ],
51 silly audit   '@types/graceful-fs': [ '4.1.6' ],
51 silly audit   '@types/hoist-non-react-statics': [ '3.3.1' ],
51 silly audit   '@types/html-minifier-terser': [ '6.1.0' ],
51 silly audit   '@types/http-errors': [ '2.0.1' ],
51 silly audit   '@types/http-proxy': [ '1.17.11' ],
51 silly audit   '@types/invariant': [ '2.2.35' ],
51 silly audit   '@types/istanbul-lib-coverage': [ '2.0.4' ],
51 silly audit   '@types/istanbul-lib-report': [ '3.0.0' ],
51 silly audit   '@types/istanbul-reports': [ '3.0.1' ],
51 silly audit   '@types/jest': [ '29.5.3' ],
51 silly audit   'react-is': [ '18.2.0', '16.13.1', '17.0.2' ],
51 silly audit   '@types/json-schema': [ '7.0.12' ],
51 silly audit   '@types/json5': [ '0.0.29' ],
51 silly audit   '@types/mime': [ '1.3.2' ],
51 silly audit   '@types/node': [ '20.5.1' ],
51 silly audit   '@types/parse-json': [ '4.0.0' ],
51 silly audit   '@types/prettier': [ '2.7.3' ],
51 silly audit   '@types/prop-types': [ '15.7.5' ],
51 silly audit   '@types/q': [ '1.5.5' ],
51 silly audit   '@types/qs': [ '6.9.7' ],
51 silly audit   '@types/raf': [ '3.4.0' ],
51 silly audit   '@types/range-parser': [ '1.2.4' ],
51 silly audit   '@types/react': [ '18.2.20' ],
51 silly audit   '@types/react-redux': [ '7.1.25' ],
51 silly audit   '@types/react-transition-group': [ '4.4.6' ],
51 silly audit   '@types/resolve': [ '1.17.1' ],
51 silly audit   '@types/retry': [ '0.12.0' ],
51 silly audit   '@types/scheduler': [ '0.16.3' ],
51 silly audit   '@types/semver': [ '7.5.0' ],
51 silly audit   '@types/send': [ '0.17.1' ],
51 silly audit   '@types/serve-index': [ '1.9.1' ],
51 silly audit   '@types/serve-static': [ '1.15.2' ],
51 silly audit   '@types/sockjs': [ '0.3.33' ],
51 silly audit   '@types/stack-utils': [ '2.0.1' ],
51 silly audit   '@types/testing-library__jest-dom': [ '5.14.9' ],
51 silly audit   '@types/trusted-types': [ '2.0.3' ],
51 silly audit   '@types/warning': [ '3.0.0' ],
51 silly audit   '@types/ws': [ '8.5.5' ],
51 silly audit   '@types/yargs-parser': [ '21.0.0' ],
51 silly audit   '@typescript-eslint/eslint-plugin': [ '5.62.0' ],
51 silly audit   semver: [ '7.5.4', '6.3.1' ],
51 silly audit   '@typescript-eslint/experimental-utils': [ '5.62.0' ],
51 silly audit   '@typescript-eslint/parser': [ '5.62.0' ],
51 silly audit   '@typescript-eslint/scope-manager': [ '5.62.0' ],
51 silly audit   '@typescript-eslint/type-utils': [ '5.62.0' ],
51 silly audit   '@typescript-eslint/types': [ '5.62.0' ],
51 silly audit   '@typescript-eslint/typescript-estree': [ '5.62.0' ],
51 silly audit   '@typescript-eslint/utils': [ '5.62.0' ],
51 silly audit   '@typescript-eslint/visitor-keys': [ '5.62.0' ],
51 silly audit   '@webassemblyjs/ast': [ '1.12.1' ],
51 silly audit   '@webassemblyjs/floating-point-hex-parser': [ '1.11.6' ],
51 silly audit   '@webassemblyjs/helper-api-error': [ '1.11.6' ],
51 silly audit   '@webassemblyjs/helper-buffer': [ '1.12.1' ],
51 silly audit   '@webassemblyjs/helper-numbers': [ '1.11.6' ],
51 silly audit   '@webassemblyjs/helper-wasm-bytecode': [ '1.11.6' ],
51 silly audit   '@webassemblyjs/helper-wasm-section': [ '1.12.1' ],
51 silly audit   '@webassemblyjs/ieee754': [ '1.11.6' ],
51 silly audit   '@webassemblyjs/leb128': [ '1.11.6' ],
51 silly audit   '@webassemblyjs/utf8': [ '1.11.6' ],
51 silly audit   '@webassemblyjs/wasm-edit': [ '1.12.1' ],
51 silly audit   '@webassemblyjs/wasm-gen': [ '1.12.1' ],
51 silly audit   '@webassemblyjs/wasm-opt': [ '1.12.1' ],
51 silly audit   '@webassemblyjs/wasm-parser': [ '1.12.1' ],
51 silly audit   '@webassemblyjs/wast-printer': [ '1.12.1' ],
51 silly audit   '@xtuc/ieee754': [ '1.2.0' ],
51 silly audit   '@xtuc/long': [ '4.2.2' ],
51 silly audit   abab: [ '2.0.6' ],
51 silly audit   'abort-controller': [ '3.0.0' ],
51 silly audit   accepts: [ '1.3.8' ],
51 silly audit   acorn: [ '8.10.0', '7.4.1' ],
51 silly audit   'acorn-globals': [ '6.0.0' ],
51 silly audit   'acorn-import-attributes': [ '1.9.5' ],
51 silly audit   'acorn-jsx': [ '5.3.2' ],
51 silly audit   'acorn-walk': [ '7.2.0' ],
51 silly audit   address: [ '1.2.2' ],
51 silly audit   'adjust-sourcemap-loader': [ '4.0.0' ],
51 silly audit   'agent-base': [ '6.0.2' ],
51 silly audit   'ajv-formats': [ '2.1.1' ],
51 silly audit   'ansi-escapes': [ '4.3.2' ],
51 silly audit   'ansi-html-community': [ '0.0.8' ],
51 silly audit   'ansi-regex': [ '5.0.1', '6.0.1' ],
51 silly audit   'any-promise': [ '1.3.0' ],
51 silly audit   anymatch: [ '3.1.3' ],
51 silly audit   arg: [ '5.0.2' ],
51 silly audit   'array-buffer-byte-length': [ '1.0.0' ],
51 silly audit   'array-flatten': [ '2.1.2', '1.1.1' ],
51 silly audit   'array-includes': [ '3.1.6' ],
51 silly audit   'array-union': [ '2.1.0' ],
51 silly audit   'array.prototype.findlastindex': [ '1.2.2' ],
51 silly audit   'array.prototype.flat': [ '1.3.1' ],
51 silly audit   'array.prototype.flatmap': [ '1.3.1' ],
51 silly audit   'array.prototype.reduce': [ '1.0.5' ],
51 silly audit   'array.prototype.tosorted': [ '1.1.1' ],
51 silly audit   'arraybuffer.prototype.slice': [ '1.0.1' ],
51 silly audit   arrify: [ '2.0.1' ],
51 silly audit   asap: [ '2.0.6' ],
51 silly audit   'ast-types-flow': [ '0.0.7' ],
51 silly audit   async: [ '3.2.4' ],
51 silly audit   'asynciterator.prototype': [ '1.0.0' ],
51 silly audit   asynckit: [ '0.4.0' ],
51 silly audit   'at-least-node': [ '1.0.0' ],
51 silly audit   atob: [ '2.1.2' ],
51 silly audit   autoprefixer: [ '10.4.15' ],
51 silly audit   'available-typed-arrays': [ '1.0.5' ],
51 silly audit   'axe-core': [ '4.7.2' ],
51 silly audit   'axobject-query': [ '3.2.1' ],
51 silly audit   'babel-jest': [ '27.5.1' ],
51 silly audit   'babel-loader': [ '8.3.0' ],
51 silly audit   'ajv-keywords': [ '3.5.2', '5.1.0' ],
51 silly audit   'schema-utils': [ '2.7.1', '4.2.0', '2.7.0', '3.3.0' ],
51 silly audit   'babel-plugin-istanbul': [ '6.1.1' ],
51 silly audit   'babel-plugin-jest-hoist': [ '27.5.1' ],
51 silly audit   'babel-plugin-macros': [ '3.1.0' ],
51 silly audit   'babel-plugin-named-asset-import': [ '0.3.8' ],
51 silly audit   'babel-plugin-polyfill-corejs2': [ '0.4.5' ],
51 silly audit   'babel-plugin-polyfill-corejs3': [ '0.8.3' ],
51 silly audit   'babel-plugin-polyfill-regenerator': [ '0.5.2' ],
51 silly audit   'babel-plugin-styled-components': [ '2.1.4' ],
51 silly audit   'babel-plugin-transform-react-remove-prop-types': [ '0.4.24' ],
51 silly audit   'babel-preset-current-node-syntax': [ '1.0.1' ],
51 silly audit   'babel-preset-jest': [ '27.5.1' ],
51 silly audit   'babel-preset-react-app': [ '10.0.1' ],
51 silly audit   'balanced-match': [ '1.0.2' ],
51 silly audit   'base64-arraybuffer': [ '1.0.2' ],
51 silly audit   'base64-js': [ '1.5.1' ],
51 silly audit   batch: [ '0.6.1' ],
51 silly audit   bfj: [ '7.0.2' ],
51 silly audit   'big.js': [ '5.2.2' ],
51 silly audit   'bignumber.js': [ '9.1.1' ],
51 silly audit   'binary-extensions': [ '2.2.0' ],
51 silly audit   bluebird: [ '3.7.2' ],
51 silly audit   'body-parser': [ '1.20.2' ],
51 silly audit   bytes: [ '3.1.2', '3.0.0' ],
51 silly audit   debug: [ '2.6.9', '4.3.4', '3.2.7' ],
51 silly audit   'iconv-lite': [ '0.4.24', '0.6.3' ],
51 silly audit   ms: [ '2.0.0', '2.1.2', '2.1.3' ],
51 silly audit   'bonjour-service': [ '1.1.1' ],
51 silly audit   boolbase: [ '1.0.0' ],
51 silly audit   bootstrap: [ '5.3.3' ],
51 silly audit   'brace-expansion': [ '1.1.11', '2.0.1' ],
51 silly audit   braces: [ '3.0.3' ],
51 silly audit   'browser-process-hrtime': [ '1.0.0' ],
51 silly audit   browserslist: [ '4.21.10' ],
51 silly audit   bser: [ '2.1.1' ],
51 silly audit   btoa: [ '1.2.1' ],
51 silly audit   'buffer-equal-constant-time': [ '1.0.1' ],
51 silly audit   'buffer-from': [ '1.1.2' ],
51 silly audit   'builtin-modules': [ '3.3.0' ],
51 silly audit   'call-bind': [ '1.0.2' ],
51 silly audit   callsites: [ '3.1.0' ],
51 silly audit   'camel-case': [ '4.1.2' ],
51 silly audit   'camelcase-css': [ '2.0.1' ],
51 silly audit   camelize: [ '1.0.1' ],
51 silly audit   'caniuse-api': [ '3.0.0' ],
51 silly audit   'caniuse-lite': [ '1.0.30001658' ],
51 silly audit   canvg: [ '3.0.10' ],
51 silly audit   'regenerator-runtime': [ '0.13.11', '0.14.0' ],
51 silly audit   'case-sensitive-paths-webpack-plugin': [ '2.4.0' ],
51 silly audit   'char-regex': [ '1.0.2', '2.0.1' ],
51 silly audit   'check-types': [ '11.2.2' ],
51 silly audit   chokidar: [ '3.5.3' ],
51 silly audit   'chrome-trace-event': [ '1.0.3' ],
51 silly audit   'ci-info': [ '3.8.0' ],
51 silly audit   'cjs-module-lexer': [ '1.2.3' ],
51 silly audit   classnames: [ '2.3.2' ],
51 silly audit   'clean-css': [ '5.3.2' ],
51 silly audit   cliui: [ '7.0.4' ],
51 silly audit   co: [ '4.6.0' ],
51 silly audit   coa: [ '2.0.2' ],
51 silly audit   'collect-v8-coverage': [ '1.0.2' ],
51 silly audit   colord: [ '2.9.3' ],
51 silly audit   colorette: [ '2.0.20' ],
51 silly audit   'combined-stream': [ '1.0.8' ],
51 silly audit   commander: [ '7.2.0', '8.3.0', '4.1.1', '2.20.3', '5.1.0' ],
51 silly audit   'common-path-prefix': [ '3.0.0' ],
51 silly audit   'common-tags': [ '1.8.2' ],
51 silly audit   commondir: [ '1.0.1' ],
51 silly audit   compressible: [ '2.0.18' ],
51 silly audit   compression: [ '1.7.4' ],
51 silly audit   'safe-buffer': [ '5.1.2', '5.2.1' ],
51 silly audit   'concat-map': [ '0.0.1' ],
51 silly audit   'confusing-browser-globals': [ '1.0.11' ],
51 silly audit   'connect-history-api-fallback': [ '2.0.0' ],
51 silly audit   'content-disposition': [ '0.5.4' ],
51 silly audit   'content-type': [ '1.0.5' ],
51 silly audit   'convert-source-map': [ '1.9.0' ],
51 silly audit   cookie: [ '0.6.0' ],
51 silly audit   'cookie-signature': [ '1.0.6' ],
51 silly audit   'core-js': [ '3.32.1' ],
51 silly audit   'core-js-compat': [ '3.32.1' ],
51 silly audit   'core-js-pure': [ '3.32.1' ],
51 silly audit   'core-util-is': [ '1.0.3' ],
51 silly audit   cosmiconfig: [ '7.1.0', '6.0.0' ],
51 silly audit   'create-react-class': [ '15.7.0' ],
51 silly audit   'cross-fetch': [ '3.1.8' ],
51 silly audit   'cross-spawn': [ '7.0.3' ],
51 silly audit   'crypto-random-string': [ '2.0.0' ],
51 silly audit   'css-blank-pseudo': [ '3.0.3' ],
51 silly audit   'css-color-keywords': [ '1.0.0' ],
51 silly audit   'css-declaration-sorter': [ '6.4.1' ],
51 silly audit   'css-has-pseudo': [ '3.0.4' ],
51 silly audit   'css-in-js-utils': [ '3.1.0' ],
51 silly audit   'css-line-break': [ '2.1.0' ],
51 silly audit   'css-loader': [ '6.8.1' ],
51 silly audit   'css-minimizer-webpack-plugin': [ '3.4.1' ],
51 silly audit   'css-prefers-color-scheme': [ '6.0.3' ],
51 silly audit   'css-select': [ '4.3.0', '2.1.0' ],
51 silly audit   'css-select-base-adapter': [ '0.1.1' ],
51 silly audit   'dom-serializer': [ '1.4.1', '0.2.2' ],
51 silly audit   domelementtype: [ '2.3.0', '1.3.1' ],
51 silly audit   domhandler: [ '4.3.1', '2.4.2' ],
51 silly audit   domutils: [ '2.8.0', '1.7.0' ],
51 silly audit   entities: [ '2.2.0', '1.1.2' ],
51 silly audit   'css-to-react-native': [ '3.2.0' ],
51 silly audit   'css-tree': [ '1.0.0-alpha.37', '1.1.3' ],
51 silly audit   'css-what': [ '6.1.0', '3.4.2' ],
51 silly audit   'css.escape': [ '1.5.1' ],
51 silly audit   cssdb: [ '7.7.1' ],
51 silly audit   cssesc: [ '3.0.0' ],
51 silly audit   cssnano: [ '5.1.15' ],
51 silly audit   'cssnano-preset-default': [ '5.2.14' ],
51 silly audit   'cssnano-utils': [ '3.1.0' ],
51 silly audit   csso: [ '4.2.0' ],
51 silly audit   'mdn-data': [ '2.0.14', '2.0.4' ],
51 silly audit   cssom: [ '0.4.4', '0.3.8' ],
51 silly audit   cssstyle: [ '2.3.0' ],
51 silly audit   csstype: [ '3.1.2' ],
51 silly audit   d3: [ '7.8.5' ],
51 silly audit   'd3-array': [ '3.2.4' ],
51 silly audit   'd3-axis': [ '3.0.0' ],
51 silly audit   'd3-brush': [ '3.0.0' ],
51 silly audit   'd3-chord': [ '3.0.1' ],
51 silly audit   'd3-color': [ '3.1.0' ],
51 silly audit   'd3-contour': [ '4.0.2' ],
51 silly audit   'd3-delaunay': [ '6.0.4' ],
51 silly audit   'd3-dispatch': [ '3.0.1' ],
51 silly audit   'd3-drag': [ '3.0.0' ],
51 silly audit   'd3-dsv': [ '3.0.1' ],
51 silly audit   'd3-ease': [ '3.0.1' ],
51 silly audit   'd3-fetch': [ '3.0.1' ],
51 silly audit   'd3-force': [ '3.0.0' ],
51 silly audit   'd3-format': [ '3.1.0' ],
51 silly audit   'd3-geo': [ '3.1.0' ],
51 silly audit   'd3-hierarchy': [ '3.1.2' ],
51 silly audit   'd3-interpolate': [ '3.0.1' ],
51 silly audit   'd3-path': [ '3.1.0' ],
51 silly audit   'd3-polygon': [ '3.0.1' ],
51 silly audit   'd3-quadtree': [ '3.0.1' ],
51 silly audit   'd3-random': [ '3.0.1' ],
51 silly audit   'd3-scale': [ '4.0.2' ],
51 silly audit   'd3-scale-chromatic': [ '3.0.0' ],
51 silly audit   'd3-selection': [ '3.0.0' ],
51 silly audit   'd3-shape': [ '3.2.0' ],
51 silly audit   'd3-time': [ '3.1.0' ],
51 silly audit   'd3-time-format': [ '4.1.0' ],
51 silly audit   'd3-timer': [ '3.0.1' ],
51 silly audit   'd3-transition': [ '3.0.1' ],
51 silly audit   'd3-zoom': [ '3.0.0' ],
51 silly audit   'damerau-levenshtein': [ '1.0.8' ],
51 silly audit   'data-urls': [ '2.0.0' ],
51 silly audit   tr46: [ '2.1.0', '0.0.3', '1.0.1' ],
51 silly audit   'whatwg-url': [ '8.7.0', '5.0.0', '7.1.0' ],
51 silly audit   'decimal.js': [ '10.4.3' ],
51 silly audit   dedent: [ '0.7.0' ],
51 silly audit   'deep-is': [ '0.1.4' ],
51 silly audit   deepmerge: [ '4.3.1' ],
51 silly audit   'default-gateway': [ '6.0.3' ],
51 silly audit   'define-lazy-prop': [ '2.0.0' ],
51 silly audit   'define-properties': [ '1.2.0' ],
51 silly audit   delaunator: [ '5.0.0' ],
51 silly audit   'delayed-stream': [ '1.0.0' ],
51 silly audit   depd: [ '2.0.0', '1.1.2' ],
51 silly audit   dequal: [ '2.0.3' ],
51 silly audit   destroy: [ '1.2.0' ],
51 silly audit   'detect-newline': [ '3.1.0' ],
51 silly audit   'detect-node': [ '2.1.0' ],
51 silly audit   'detect-port-alt': [ '1.1.6' ],
51 silly audit   didyoumean: [ '1.2.2' ],
51 silly audit   'dir-glob': [ '3.0.1' ],
51 silly audit   dlv: [ '1.1.3' ],
51 silly audit   'dns-equal': [ '1.0.0' ],
51 silly audit   'dns-packet': [ '5.6.0' ],
51 silly audit   doctrine: [ '3.0.0', '2.1.0' ],
51 silly audit   'dom-accessibility-api': [ '0.5.16' ],
51 silly audit   'dom-converter': [ '0.2.0' ],
51 silly audit   'dom-helpers': [ '5.2.1' ],
51 silly audit   domexception: [ '2.0.1' ],
51 silly audit   'webidl-conversions': [ '5.0.0', '6.1.0', '3.0.1', '4.0.2' ],
51 silly audit   dompurify: [ '2.4.7' ],
51 silly audit   'dot-case': [ '3.0.4' ],
51 silly audit   dotenv: [ '10.0.0' ],
51 silly audit   'dotenv-expand': [ '5.1.0' ],
51 silly audit   duplexer: [ '0.1.2' ],
51 silly audit   'ecdsa-sig-formatter': [ '1.0.11' ],
51 silly audit   'ee-first': [ '1.1.1' ],
51 silly audit   ejs: [ '3.1.10' ],
51 silly audit   'electron-to-chromium': [ '1.4.496' ],
51 silly audit   emittery: [ '0.8.1', '0.10.2' ],
51 silly audit   'emoji-regex': [ '9.2.2', '8.0.0' ],
51 silly audit   'emojis-list': [ '3.0.0' ],
51 silly audit   encodeurl: [ '1.0.2' ],
51 silly audit   'enhanced-resolve': [ '5.17.1' ],
51 silly audit   'error-ex': [ '1.3.2' ],
51 silly audit   'error-stack-parser': [ '2.1.4' ],
51 silly audit   'es-abstract': [ '1.22.1' ],
51 silly audit   'es-array-method-boxes-properly': [ '1.0.0' ],
51 silly audit   'es-iterator-helpers': [ '1.0.13' ],
51 silly audit   'es-module-lexer': [ '1.3.0' ],
51 silly audit   'es-set-tostringtag': [ '2.0.1' ],
51 silly audit   'es-shim-unscopables': [ '1.0.0' ],
51 silly audit   'es-to-primitive': [ '1.2.1' ],
51 silly audit   escalade: [ '3.1.1' ],
51 silly audit   'escape-html': [ '1.0.3' ],
51 silly audit   'escape-string-regexp': [ '1.0.5', '4.0.0', '2.0.0' ],
51 silly audit   escodegen: [ '2.1.0' ],
51 silly audit   eslint: [ '8.47.0' ],
51 silly audit   'eslint-config-react-app': [ '7.0.1' ],
51 silly audit   'eslint-import-resolver-node': [ '0.3.9' ],
51 silly audit   'eslint-module-utils': [ '2.8.0' ],
51 silly audit   'eslint-plugin-flowtype': [ '8.0.3' ],
51 silly audit   'eslint-plugin-import': [ '2.28.1' ],
51 silly audit   'eslint-plugin-jest': [ '25.7.0' ],
51 silly audit   'eslint-plugin-jsx-a11y': [ '6.7.1' ],
51 silly audit   'eslint-plugin-react': [ '7.33.2' ],
51 silly audit   'eslint-plugin-react-hooks': [ '4.6.0' ],
51 silly audit   resolve: [ '2.0.0-next.4', '1.22.4' ],
51 silly audit   'eslint-plugin-testing-library': [ '5.11.1' ],
51 silly audit   'eslint-webpack-plugin': [ '3.2.0' ],
51 silly audit   'jest-worker': [ '28.1.3', '27.5.1', '26.6.2' ],
51 silly audit   'glob-parent': [ '6.0.2', '5.1.2' ],
51 silly audit   espree: [ '9.6.1' ],
51 silly audit   esprima: [ '4.0.1' ],
51 silly audit   esquery: [ '1.5.0' ],
51 silly audit   esrecurse: [ '4.3.0' ],
51 silly audit   'estree-walker': [ '1.0.1' ],
51 silly audit   esutils: [ '2.0.3' ],
51 silly audit   etag: [ '1.8.1' ],
51 silly audit   'event-target-shim': [ '5.0.1' ],
51 silly audit   eventemitter2: [ '1.0.5' ],
51 silly audit   eventemitter3: [ '4.0.7' ],
51 silly audit   events: [ '3.3.0' ],
51 silly audit   execa: [ '5.1.1' ],
51 silly audit   exit: [ '0.1.2' ],
51 silly audit   express: [ '4.19.2' ],
51 silly audit   'path-to-regexp': [ '0.1.7', '1.8.0' ],
51 silly audit   extend: [ '3.0.2' ],
51 silly audit   'fast-deep-equal': [ '3.1.3' ],
51 silly audit   'fast-glob': [ '3.3.1' ],
51 silly audit   'fast-json-stable-stringify': [ '2.1.0' ],
51 silly audit   'fast-levenshtein': [ '2.0.6' ],
51 silly audit   'fast-loops': [ '1.1.4' ],
51 silly audit   'fast-text-encoding': [ '1.0.6' ],
51 silly audit   fastq: [ '1.15.0' ],
51 silly audit   'faye-websocket': [ '0.11.4' ],
51 silly audit   'fb-watchman': [ '2.0.2' ],
51 silly audit   fbjs: [ '3.0.5' ],
51 silly audit   'fbjs-css-vars': [ '1.0.2' ],
51 silly audit   fflate: [ '0.4.8' ],
51 silly audit   'file-entry-cache': [ '6.0.1' ],
51 silly audit   'file-loader': [ '6.2.0' ],
51 silly audit   filelist: [ '1.0.4' ],
51 silly audit   minimatch: [ '5.1.6', '3.1.2' ],
51 silly audit   filesize: [ '8.0.7' ],
51 silly audit   'fill-range': [ '7.1.1' ],
51 silly audit   finalhandler: [ '1.2.0' ],
51 silly audit   'find-cache-dir': [ '3.3.2' ],
51 silly audit   'flat-cache': [ '3.0.4' ],
51 silly audit   flatted: [ '3.2.7' ],
51 silly audit   'follow-redirects': [ '1.15.9' ],
51 silly audit   'for-each': [ '0.3.3' ],
51 silly audit   'fork-ts-checker-webpack-plugin': [ '6.5.3' ],
51 silly audit   'fs-extra': [ '9.1.0', '10.1.0' ],
51 silly audit   tapable: [ '1.1.3', '2.2.1' ],
51 silly audit   'form-data': [ '3.0.1' ],
51 silly audit   forwarded: [ '0.2.0' ],
51 silly audit   'fraction.js': [ '4.2.1' ],
51 silly audit   fresh: [ '0.5.2' ],
51 silly audit   'fs-monkey': [ '1.0.4' ],
51 silly audit   'fs.realpath': [ '1.0.0' ],
51 silly audit   fsevents: [ '2.3.2' ],
51 silly audit   'function-bind': [ '1.1.1' ],
51 silly audit   'function.prototype.name': [ '1.1.5' ],
51 silly audit   'functions-have-names': [ '1.2.3' ],
51 silly audit   gaxios: [ '4.3.3' ],
51 silly audit   'gcp-metadata': [ '4.3.1' ],
51 silly audit   gensync: [ '1.0.0-beta.2' ],
51 silly audit   'get-caller-file': [ '2.0.5' ],
51 silly audit   'get-intrinsic': [ '1.2.1' ],
51 silly audit   'get-own-enumerable-property-symbols': [ '3.0.2' ],
51 silly audit   'get-package-type': [ '0.1.0' ],
51 silly audit   'get-stream': [ '6.0.1' ],
51 silly audit   'get-symbol-description': [ '1.0.0' ],
51 silly audit   glob: [ '7.2.3', '7.1.6' ],
51 silly audit   'glob-to-regexp': [ '0.4.1' ],
51 silly audit   'global-modules': [ '2.0.0' ],
51 silly audit   'global-prefix': [ '3.0.0' ],
51 silly audit   which: [ '1.3.1', '2.0.2' ],
51 silly audit   globalthis: [ '1.0.3' ],
51 silly audit   globby: [ '11.1.0' ],
51 silly audit   'google-auth-library': [ '7.14.1' ],
51 silly audit   'google-p12-pem': [ '3.1.4' ],
51 silly audit   gopd: [ '1.0.1' ],
51 silly audit   'graceful-fs': [ '4.2.11' ],
51 silly audit   graphemer: [ '1.4.0' ],
51 silly audit   gtoken: [ '5.3.2' ],
51 silly audit   'gzip-size': [ '6.0.0' ],
51 silly audit   'handle-thing': [ '2.0.1' ],
51 silly audit   'harmony-reflect': [ '1.6.2' ],
51 silly audit   has: [ '1.0.3' ],
51 silly audit   'has-bigints': [ '1.0.2' ],
51 silly audit   'has-property-descriptors': [ '1.0.0' ],
51 silly audit   'has-proto': [ '1.0.1' ],
51 silly audit   'has-symbols': [ '1.0.3' ],
51 silly audit   'has-tostringtag': [ '1.0.0' ],
51 silly audit   he: [ '1.2.0' ],
51 silly audit   history: [ '4.10.1' ],
51 silly audit   'hoist-non-react-statics': [ '3.3.2' ],
51 silly audit   hoopy: [ '0.1.4' ],
51 silly audit   'hpack.js': [ '2.1.6' ],
51 silly audit   'html-encoding-sniffer': [ '2.0.1' ],
51 silly audit   'html-entities': [ '2.4.0' ],
51 silly audit   'html-escaper': [ '2.0.2' ],
51 silly audit   'html-minifier-terser': [ '6.1.0' ],
51 silly audit   'html-webpack-plugin': [ '5.5.3' ],
51 silly audit   html2canvas: [ '1.4.1' ],
51 silly audit   htmlparser2: [ '6.1.0' ],
51 silly audit   'htmlparser2-without-node-native': [ '3.9.2' ],
51 silly audit   'http-deceiver': [ '1.2.7' ],
51 silly audit   'http-errors': [ '2.0.0', '1.6.3' ],
51 silly audit   'http-parser-js': [ '0.5.8' ],
51 silly audit   'http-proxy': [ '1.18.1' ],
51 silly audit   'http-proxy-agent': [ '4.0.1' ],
51 silly audit   'http-proxy-middleware': [ '2.0.6' ],
51 silly audit   'https-proxy-agent': [ '5.0.1' ],
51 silly audit   'human-signals': [ '2.1.0' ],
51 silly audit   'hyphenate-style-name': [ '1.0.4' ],
51 silly audit   'icss-utils': [ '5.1.0' ],
51 silly audit   idb: [ '7.1.1' ],
51 silly audit   'identity-obj-proxy': [ '3.0.0' ],
51 silly audit   ignore: [ '5.2.4' ],
51 silly audit   immer: [ '9.0.21' ],
51 silly audit   immutable: [ '4.3.2' ],
51 silly audit   'import-fresh': [ '3.3.0' ],
51 silly audit   'resolve-from': [ '4.0.0', '5.0.0' ],
51 silly audit   'import-local': [ '3.1.0' ],
51 silly audit   imurmurhash: [ '0.1.4' ],
51 silly audit   'indent-string': [ '4.0.0' ],
51 silly audit   inflight: [ '1.0.6' ],
51 silly audit   inherits: [ '2.0.4', '2.0.3' ],
51 silly audit   ini: [ '1.3.8' ],
51 silly audit   'inline-style-prefixer': [ '6.0.4' ],
51 silly audit   'internal-slot': [ '1.0.5' ],
51 silly audit   internmap: [ '2.0.3' ],
51 silly audit   invariant: [ '2.2.4' ],
51 silly audit   'ipaddr.js': [ '2.1.0', '1.9.1' ],
51 silly audit   'is-array-buffer': [ '3.0.2' ],
51 silly audit   'is-arrayish': [ '0.2.1' ],
51 silly audit   'is-async-function': [ '2.0.0' ],
51 silly audit   'is-bigint': [ '1.0.4' ],
51 silly audit   'is-binary-path': [ '2.1.0' ],
51 silly audit   'is-boolean-object': [ '1.1.2' ],
51 silly audit   'is-callable': [ '1.2.7' ],
51 silly audit   'is-core-module': [ '2.13.0' ],
51 silly audit   'is-date-object': [ '1.0.5' ],
51 silly audit   'is-docker': [ '2.2.1' ],
51 silly audit   'is-extglob': [ '2.1.1' ],
51 silly audit   'is-finalizationregistry': [ '1.0.2' ],
51 silly audit   'is-fullwidth-code-point': [ '3.0.0' ],
51 silly audit   'is-generator-fn': [ '2.1.0' ],
51 silly audit   'is-generator-function': [ '1.0.10' ],
51 silly audit   'is-glob': [ '4.0.3' ],
51 silly audit   'is-in-browser': [ '1.1.3' ],
51 silly audit   'is-map': [ '2.0.2' ],
51 silly audit   'is-module': [ '1.0.0' ],
51 silly audit   'is-negative-zero': [ '2.0.2' ],
51 silly audit   'is-number': [ '7.0.0' ],
51 silly audit   'is-number-object': [ '1.0.7' ],
51 silly audit   'is-obj': [ '1.0.1' ],
51 silly audit   'is-path-inside': [ '3.0.3' ],
51 silly audit   'is-plain-obj': [ '3.0.0' ],
51 silly audit   'is-potential-custom-element-name': [ '1.0.1' ],
51 silly audit   'is-regex': [ '1.1.4' ],
51 silly audit   'is-regexp': [ '1.0.0' ],
51 silly audit   'is-root': [ '2.1.0' ],
51 silly audit   'is-set': [ '2.0.2' ],
51 silly audit   'is-shared-array-buffer': [ '1.0.2' ],
51 silly audit   'is-stream': [ '2.0.1' ],
51 silly audit   'is-string': [ '1.0.7' ],
51 silly audit   'is-symbol': [ '1.0.4' ],
51 silly audit   'is-typed-array': [ '1.1.12' ],
51 silly audit   'is-typedarray': [ '1.0.0' ],
51 silly audit   'is-weakmap': [ '2.0.1' ],
51 silly audit   'is-weakref': [ '1.0.2' ],
51 silly audit   'is-weakset': [ '2.0.2' ],
51 silly audit   'is-wsl': [ '2.2.0' ],
51 silly audit   isarray: [ '0.0.1', '1.0.0', '2.0.5' ],
51 silly audit   isexe: [ '2.0.0' ],
51 silly audit   'istanbul-lib-coverage': [ '3.2.0' ],
51 silly audit   'istanbul-lib-instrument': [ '5.2.1' ],
51 silly audit   'istanbul-lib-report': [ '3.0.1' ],
51 silly audit   'make-dir': [ '4.0.0', '3.1.0' ],
51 silly audit   'istanbul-lib-source-maps': [ '4.0.1' ],
51 silly audit   'istanbul-reports': [ '3.1.6' ],
51 silly audit   'iterator.prototype': [ '1.1.0' ],
51 silly audit   jake: [ '10.8.7' ],
51 silly audit   jest: [ '27.5.1' ],
51 silly audit   'jest-changed-files': [ '27.5.1' ],
51 silly audit   'jest-circus': [ '27.5.1' ],
51 silly audit   'jest-cli': [ '27.5.1' ],
51 silly audit   'jest-config': [ '27.5.1' ],
51 silly audit   'jest-docblock': [ '27.5.1' ],
51 silly audit   'jest-each': [ '27.5.1' ],
51 silly audit   'jest-environment-jsdom': [ '27.5.1' ],
51 silly audit   'jest-environment-node': [ '27.5.1' ],
51 silly audit   'jest-haste-map': [ '27.5.1' ],
51 silly audit   'jest-jasmine2': [ '27.5.1' ],
51 silly audit   'jest-leak-detector': [ '27.5.1' ],
51 silly audit   'jest-mock': [ '27.5.1' ],
51 silly audit   'jest-pnp-resolver': [ '1.2.3' ],
51 silly audit   'jest-regex-util': [ '27.5.1', '28.0.2' ],
51 silly audit   'jest-resolve': [ '27.5.1' ],
51 silly audit   'jest-resolve-dependencies': [ '27.5.1' ],
51 silly audit   'jest-runner': [ '27.5.1' ],
51 silly audit   'jest-runtime': [ '27.5.1' ],
51 silly audit   'jest-serializer': [ '27.5.1' ],
51 silly audit   'jest-snapshot': [ '27.5.1' ],
51 silly audit   'jest-validate': [ '27.5.1' ],
51 silly audit   'jest-watch-typeahead': [ '1.1.0' ],
51 silly audit   slash: [ '3.0.0', '4.0.0' ],
51 silly audit   'jest-watcher': [ '28.1.3', '27.5.1' ],
51 silly audit   'string-length': [ '4.0.2', '5.0.1' ],
51 silly audit   'strip-ansi': [ '6.0.1', '7.1.0' ],
51 silly audit   jiti: [ '1.19.3' ],
51 silly audit   jquery: [ '1.12.4' ],
51 silly audit   'js-tokens': [ '4.0.0' ],
51 silly audit   jsdom: [ '16.7.0' ],
51 silly audit   jsesc: [ '2.5.2', '0.5.0' ],
51 silly audit   'json-bigint': [ '1.0.0' ],
51 silly audit   'json-parse-even-better-errors': [ '2.3.1' ],
51 silly audit   'json-schema': [ '0.4.0' ],
51 silly audit   'json-stable-stringify-without-jsonify': [ '1.0.1' ],
51 silly audit   json5: [ '2.2.3', '1.0.2' ],
51 silly audit   jsonfile: [ '6.1.0' ],
51 silly audit   jsonpointer: [ '5.0.1' ],
51 silly audit   jspdf: [ '2.5.1' ],
51 silly audit   jss: [ '9.8.7' ],
51 silly audit   'jsx-ast-utils': [ '3.3.5' ],
51 silly audit   jwa: [ '2.0.0' ],
51 silly audit   jws: [ '4.0.0' ],
51 silly audit   'jwt-decode': [ '3.1.2' ],
51 silly audit   'kind-of': [ '6.0.3' ],
51 silly audit   kleur: [ '3.0.3' ],
51 silly audit   klona: [ '2.0.6' ],
51 silly audit   'language-subtag-registry': [ '0.3.22' ],
51 silly audit   'language-tags': [ '1.0.5' ],
51 silly audit   'launch-editor': [ '2.6.0' ],
51 silly audit   leven: [ '3.1.0' ],
51 silly audit   levn: [ '0.4.1' ],
51 silly audit   lilconfig: [ '2.1.0' ],
51 silly audit   'lines-and-columns': [ '1.2.4' ],
51 silly audit   'load-script': [ '1.0.0' ],
51 silly audit   'loader-runner': [ '4.3.0' ],
51 silly audit   'loader-utils': [ '2.0.4', '3.2.1' ],
51 silly audit   lodash: [ '4.17.21' ],
51 silly audit   'lodash.debounce': [ '4.0.8' ],
51 silly audit   'lodash.memoize': [ '4.1.2' ],
51 silly audit   'lodash.merge': [ '4.6.2' ],
51 silly audit   'lodash.sortby': [ '4.7.0' ],
51 silly audit   'lodash.throttle': [ '4.1.1' ],
51 silly audit   'lodash.uniq': [ '4.5.0' ],
51 silly audit   'loose-envify': [ '1.4.0' ],
51 silly audit   'lower-case': [ '2.0.2' ],
51 silly audit   'lz-string': [ '1.5.0' ],
51 silly audit   'magic-string': [ '0.25.9' ],
51 silly audit   makeerror: [ '1.0.12' ],
51 silly audit   'media-typer': [ '0.3.0' ],
51 silly audit   memfs: [ '3.5.3' ],
51 silly audit   'merge-descriptors': [ '1.0.1' ],
51 silly audit   'merge-stream': [ '2.0.0' ],
51 silly audit   merge2: [ '1.4.1' ],
51 silly audit   methods: [ '1.1.2' ],
51 silly audit   micromatch: [ '4.0.8' ],
51 silly audit   mime: [ '1.6.0' ],
51 silly audit   'mime-db': [ '1.52.0' ],
51 silly audit   'mime-types': [ '2.1.35' ],
51 silly audit   'mimic-fn': [ '2.1.0' ],
51 silly audit   'min-indent': [ '1.0.1' ],
51 silly audit   'mini-css-extract-plugin': [ '2.7.6' ],
51 silly audit   'minimalistic-assert': [ '1.0.1' ],
51 silly audit   minimist: [ '1.2.8' ],
51 silly audit   mkdirp: [ '0.5.6' ],
51 silly audit   moment: [ '2.29.4' ],
51 silly audit   'multicast-dns': [ '7.2.5' ],
51 silly audit   mz: [ '2.7.0' ],
51 silly audit   nanoid: [ '3.3.7' ],
51 silly audit   'natural-compare': [ '1.4.0' ],
51 silly audit   'natural-compare-lite': [ '1.4.0' ],
51 silly audit   negotiator: [ '0.6.3' ],
51 silly audit   'neo-async': [ '2.6.2' ],
51 silly audit   'no-case': [ '3.0.4' ],
51 silly audit   'node-fetch': [ '2.6.13' ],
51 silly audit   'node-forge': [ '1.3.1' ],
51 silly audit   'node-int64': [ '0.4.0' ],
51 silly audit   'node-releases': [ '2.0.13' ],
51 silly audit   'normalize-css-color': [ '1.0.2' ],
51 silly audit   'normalize-path': [ '3.0.0' ],
51 silly audit   'normalize-range': [ '0.1.2' ],
51 silly audit   'normalize-url': [ '6.1.0' ],
51 silly audit   'npm-run-path': [ '4.0.1' ],
51 silly audit   'nth-check': [ '2.1.1', '1.0.2' ],
51 silly audit   nwsapi: [ '2.2.7' ],
51 silly audit   'object-assign': [ '4.1.1' ],
51 silly audit   'object-hash': [ '3.0.0' ],
51 silly audit   'object-inspect': [ '1.12.3' ],
51 silly audit   'object-keys': [ '1.1.1' ],
51 silly audit   'object.assign': [ '4.1.4' ],
51 silly audit   'object.entries': [ '1.1.6' ],
51 silly audit   'object.fromentries': [ '2.0.6' ],
51 silly audit   'object.getownpropertydescriptors': [ '2.1.6' ],
51 silly audit   'object.groupby': [ '1.0.0' ],
51 silly audit   'object.hasown': [ '1.1.2' ],
51 silly audit   'object.values': [ '1.1.6' ],
51 silly audit   obuf: [ '1.1.2' ],
51 silly audit   'on-finished': [ '2.4.1' ],
51 silly audit   'on-headers': [ '1.0.2' ],
51 silly audit   once: [ '1.4.0' ],
51 silly audit   onetime: [ '5.1.2' ],
51 silly audit   open: [ '8.4.2' ],
51 silly audit   optionator: [ '0.9.3' ],
51 silly audit   'p-retry': [ '4.6.2' ],
51 silly audit   'p-try': [ '2.2.0' ],
51 silly audit   'param-case': [ '3.0.4' ],
51 silly audit   'parent-module': [ '1.0.1' ],
51 silly audit   'parse-json': [ '5.2.0' ],
51 silly audit   parse5: [ '6.0.1' ],
51 silly audit   parseurl: [ '1.3.3' ],
51 silly audit   'pascal-case': [ '3.1.2' ],
51 silly audit   'path-exists': [ '4.0.0', '3.0.0' ],
51 silly audit   'path-is-absolute': [ '1.0.1' ],
51 silly audit   'path-key': [ '3.1.1' ],
51 silly audit   'path-parse': [ '1.0.7' ],
51 silly audit   'path-type': [ '4.0.0' ],
51 silly audit   'performance-now': [ '2.1.0' ],
51 silly audit   picocolors: [ '1.1.0', '0.2.1' ],
51 silly audit   picomatch: [ '2.3.1' ],
51 silly audit   pify: [ '2.3.0' ],
51 silly audit   pirates: [ '4.0.6' ],
51 silly audit   'pkg-dir': [ '4.2.0' ],
51 silly audit   'pkg-up': [ '3.1.0' ],
51 silly audit   postcss: [ '8.4.45', '7.0.39' ],
51 silly audit   'postcss-attribute-case-insensitive': [ '5.0.2' ],
51 silly audit   'postcss-browser-comments': [ '4.0.0' ],
51 silly audit   'postcss-calc': [ '8.2.4' ],
51 silly audit   'postcss-clamp': [ '4.1.0' ],
51 silly audit   'postcss-color-functional-notation': [ '4.2.4' ],
51 silly audit   'postcss-color-hex-alpha': [ '8.0.4' ],
51 silly audit   'postcss-color-rebeccapurple': [ '7.1.1' ],
51 silly audit   'postcss-colormin': [ '5.3.1' ],
51 silly audit   'postcss-convert-values': [ '5.1.3' ],
51 silly audit   'postcss-custom-media': [ '8.0.2' ],
51 silly audit   'postcss-custom-properties': [ '12.1.11' ],
51 silly audit   'postcss-custom-selectors': [ '6.0.3' ],
51 silly audit   'postcss-dir-pseudo-class': [ '6.0.5' ],
51 silly audit   'postcss-discard-comments': [ '5.1.2' ],
51 silly audit   'postcss-discard-duplicates': [ '5.1.0' ],
51 silly audit   'postcss-discard-empty': [ '5.1.1' ],
51 silly audit   'postcss-discard-overridden': [ '5.1.0' ],
51 silly audit   'postcss-double-position-gradients': [ '3.1.2' ],
51 silly audit   'postcss-env-function': [ '4.0.6' ],
51 silly audit   'postcss-flexbugs-fixes': [ '5.0.2' ],
51 silly audit   'postcss-focus-visible': [ '6.0.4' ],
51 silly audit   'postcss-focus-within': [ '5.0.4' ],
51 silly audit   'postcss-font-variant': [ '5.0.0' ],
51 silly audit   'postcss-gap-properties': [ '3.0.5' ],
51 silly audit   'postcss-image-set-function': [ '4.0.7' ],
51 silly audit   'postcss-import': [ '15.1.0' ],
51 silly audit   'postcss-initial': [ '4.0.1' ],
51 silly audit   'postcss-js': [ '4.0.1' ],
51 silly audit   'postcss-lab-function': [ '4.2.1' ],
51 silly audit   'postcss-load-config': [ '4.0.1' ],
51 silly audit   yaml: [ '2.3.1', '1.10.2' ],
51 silly audit   'postcss-loader': [ '6.2.1' ],
51 silly audit   'postcss-logical': [ '5.0.4' ],
51 silly audit   'postcss-media-minmax': [ '5.0.0' ],
51 silly audit   'postcss-merge-longhand': [ '5.1.7' ],
51 silly audit   'postcss-merge-rules': [ '5.1.4' ],
51 silly audit   'postcss-minify-font-values': [ '5.1.0' ],
51 silly audit   'postcss-minify-gradients': [ '5.1.1' ],
51 silly audit   'postcss-minify-params': [ '5.1.4' ],
51 silly audit   'postcss-minify-selectors': [ '5.2.1' ],
51 silly audit   'postcss-modules-extract-imports': [ '3.0.0' ],
51 silly audit   'postcss-modules-local-by-default': [ '4.0.3' ],
51 silly audit   'postcss-modules-scope': [ '3.0.0' ],
51 silly audit   'postcss-modules-values': [ '4.0.0' ],
51 silly audit   'postcss-nested': [ '6.0.1' ],
51 silly audit   'postcss-nesting': [ '10.2.0' ],
51 silly audit   'postcss-normalize': [ '10.0.1' ],
51 silly audit   'postcss-normalize-charset': [ '5.1.0' ],
51 silly audit   'postcss-normalize-display-values': [ '5.1.0' ],
51 silly audit   'postcss-normalize-positions': [ '5.1.1' ],
51 silly audit   'postcss-normalize-repeat-style': [ '5.1.1' ],
51 silly audit   'postcss-normalize-string': [ '5.1.0' ],
51 silly audit   'postcss-normalize-timing-functions': [ '5.1.0' ],
51 silly audit   'postcss-normalize-unicode': [ '5.1.1' ],
51 silly audit   'postcss-normalize-url': [ '5.1.0' ],
51 silly audit   'postcss-normalize-whitespace': [ '5.1.1' ],
51 silly audit   'postcss-opacity-percentage': [ '1.1.3' ],
51 silly audit   'postcss-ordered-values': [ '5.1.3' ],
51 silly audit   'postcss-overflow-shorthand': [ '3.0.4' ],
51 silly audit   'postcss-page-break': [ '3.0.4' ],
51 silly audit   'postcss-place': [ '7.0.5' ],
51 silly audit   'postcss-preset-env': [ '7.8.3' ],
51 silly audit   'postcss-pseudo-class-any-link': [ '7.1.6' ],
51 silly audit   'postcss-reduce-initial': [ '5.1.2' ],
51 silly audit   'postcss-reduce-transforms': [ '5.1.0' ],
51 silly audit   'postcss-replace-overflow-wrap': [ '4.0.0' ],
51 silly audit   'postcss-selector-not': [ '6.0.1' ],
51 silly audit   'postcss-selector-parser': [ '6.0.13' ],
51 silly audit   'postcss-svgo': [ '5.1.0' ],
51 silly audit   svgo: [ '2.8.0', '1.3.2' ],
51 silly audit   'postcss-unique-selectors': [ '5.1.1' ],
51 silly audit   'postcss-value-parser': [ '4.2.0' ],
51 silly audit   'prelude-ls': [ '1.2.1' ],
51 silly audit   'pretty-bytes': [ '5.6.0' ],
51 silly audit   'pretty-error': [ '4.0.0' ],
51 silly audit   'process-nextick-args': [ '2.0.1' ],
51 silly audit   promise: [ '7.3.1', '8.3.0' ],
51 silly audit   prompts: [ '2.4.2' ],
51 silly audit   'prop-types': [ '15.8.1' ],
51 silly audit   'prop-types-extra': [ '1.1.1' ],
51 silly audit   warning: [ '4.0.3', '3.0.0' ],
51 silly audit   'proxy-addr': [ '2.0.7' ],
51 silly audit   psl: [ '1.9.0' ],
51 silly audit   punycode: [ '2.3.0' ],
51 silly audit   q: [ '1.5.1' ],
51 silly audit   qs: [ '6.11.0' ],
51 silly audit   querystringify: [ '2.2.0' ],
51 silly audit   'queue-microtask': [ '1.2.3' ],
51 silly audit   raf: [ '3.4.1' ],
51 silly audit   randombytes: [ '2.1.0' ],
51 silly audit   'range-parser': [ '1.2.1' ],
51 silly audit   'raw-body': [ '2.5.2' ],
51 silly audit   react: [ '17.0.2' ],
51 silly audit   'react-app-polyfill': [ '3.0.0' ],
51 silly audit   'react-bootstrap': [ '1.6.7' ],
51 silly audit   'react-datetime': [ '3.2.0' ],
51 silly audit   'react-dev-utils': [ '12.0.1' ],
51 silly audit   'react-dom': [ '17.0.2' ],
51 silly audit   'react-error-overlay': [ '6.0.11' ],
51 silly audit   'react-floating-label-input': [ '4.3.4' ],
51 silly audit   'react-google-login': [ '5.2.2' ],
51 silly audit   'react-icons': [ '4.10.1' ],
51 silly audit   'react-lifecycles-compat': [ '3.0.4' ],
51 silly audit   'react-native-htmlview': [ '0.16.0' ],
51 silly audit   'react-native-web': [ '0.18.12' ],
51 silly audit   'react-overlays': [ '5.2.1' ],
51 silly audit   'react-redux': [ '7.2.9' ],
51 silly audit   'react-refresh': [ '0.11.0' ],
51 silly audit   'react-router': [ '5.3.4' ],
51 silly audit   'react-router-dom': [ '5.3.4' ],
51 silly audit   'react-router-hash-link': [ '2.4.3' ],
51 silly audit   'react-scripts': [ '5.0.1' ],
51 silly audit   'react-scroll': [ '1.8.9' ],
51 silly audit   'react-signature-canvas': [ '1.0.6' ],
51 silly audit   'react-social-media-embed': [ '2.3.5' ],
51 silly audit   'react-sub-unsub': [ '2.1.11' ],
51 silly audit   'react-transition-group': [ '4.4.5' ],
51 silly audit   'react-twitter-embed': [ '4.0.4' ],
51 silly audit   'react-youtube': [ '10.1.0' ],
51 silly audit   'read-cache': [ '1.0.0' ],
51 silly audit   'readable-stream': [ '2.3.8', '3.6.2' ],
51 silly audit   readdirp: [ '3.6.0' ],
51 silly audit   'recursive-readdir': [ '2.2.3' ],
51 silly audit   redent: [ '3.0.0' ],
51 silly audit   redux: [ '4.2.1' ],
51 silly audit   'redux-thunk': [ '2.4.2' ],
51 silly audit   'reflect.getprototypeof': [ '1.0.3' ],
51 silly audit   regenerate: [ '1.4.2' ],
51 silly audit   'regenerate-unicode-properties': [ '10.1.0' ],
51 silly audit   'regenerator-transform': [ '0.15.2' ],
51 silly audit   'regex-parser': [ '2.2.11' ],
51 silly audit   'regexp.prototype.flags': [ '1.5.0' ],
51 silly audit   'regexpu-core': [ '5.3.2' ],
51 silly audit   regjsparser: [ '0.9.1' ],
51 silly audit   relateurl: [ '0.2.7' ],
51 silly audit   renderkid: [ '3.0.0' ],
51 silly audit   'require-directory': [ '2.1.1' ],
51 silly audit   'require-from-string': [ '2.0.2' ],
51 silly audit   'requires-port': [ '1.0.0' ],
51 silly audit   reselect: [ '4.1.8' ],
51 silly audit   'resolve-cwd': [ '3.0.0' ],
51 silly audit   'resolve-pathname': [ '3.0.0' ],
51 silly audit   'resolve-url-loader': [ '4.0.0' ],
51 silly audit   'resolve.exports': [ '1.1.1' ],
51 silly audit   retry: [ '0.13.1' ],
51 silly audit   reusify: [ '1.0.4' ],
51 silly audit   rgbcolor: [ '1.0.1' ],
51 silly audit   rimraf: [ '3.0.2' ],
51 silly audit   'robust-predicates': [ '3.0.2' ],
51 silly audit   rollup: [ '2.79.1' ],
51 silly audit   'rollup-plugin-terser': [ '7.0.2' ],
51 silly audit   'serialize-javascript': [ '4.0.0', '6.0.1' ],
51 silly audit   'run-parallel': [ '1.2.0' ],
51 silly audit   rw: [ '1.3.3' ],
51 silly audit   'safe-array-concat': [ '1.0.0' ],
51 silly audit   'safe-regex-test': [ '1.0.0' ],
51 silly audit   'safer-buffer': [ '2.1.2' ],
51 silly audit   'sanitize.css': [ '13.0.0' ],
51 silly audit   sass: [ '1.66.1' ],
51 silly audit   'sass-loader': [ '12.6.0' ],
51 silly audit   sax: [ '1.2.4' ],
51 silly audit   saxes: [ '5.0.1' ],
51 silly audit   scheduler: [ '0.20.2' ],
51 silly audit   scriptjs: [ '2.5.9' ],
51 silly audit   'select-hose': [ '2.0.0' ],
51 silly audit   selfsigned: [ '2.1.1' ],
51 silly audit   send: [ '0.18.0' ],
51 silly audit   'serve-index': [ '1.9.1' ],
51 silly audit   setprototypeof: [ '1.1.0', '1.2.0' ],
51 silly audit   statuses: [ '1.5.0', '2.0.1' ],
51 silly audit   'serve-static': [ '1.15.0' ],
51 silly audit   setimmediate: [ '1.0.5' ],
51 silly audit   shallowequal: [ '1.1.0' ],
51 silly audit   'shebang-command': [ '2.0.0' ],
51 silly audit   'shebang-regex': [ '3.0.0' ],
51 silly audit   'shell-quote': [ '1.8.1' ],
51 silly audit   'side-channel': [ '1.0.4' ],
51 silly audit   'signal-exit': [ '3.0.7' ],
51 silly audit   signature_pad: [ '2.3.2' ],
51 silly audit   sister: [ '3.0.2' ],
51 silly audit   sisteransi: [ '1.0.5' ],
51 silly audit   sockjs: [ '0.3.24' ],
51 silly audit   'source-list-map': [ '2.0.1' ],
51 silly audit   'source-map-js': [ '1.2.0' ],
51 silly audit   'source-map-loader': [ '3.0.2' ],
51 silly audit   'source-map-support': [ '0.5.21' ],
51 silly audit   'sourcemap-codec': [ '1.4.8' ],
51 silly audit   spdy: [ '4.0.2' ],
51 silly audit   'spdy-transport': [ '3.0.0' ],
51 silly audit   'sprintf-js': [ '1.0.3' ],
51 silly audit   stable: [ '0.1.8' ],
51 silly audit   'stack-utils': [ '2.0.6' ],
51 silly audit   'stackblur-canvas': [ '2.6.0' ],
51 silly audit   stackframe: [ '1.3.4' ],
51 silly audit   string_decoder: [ '1.1.1' ],
51 silly audit   'string-natural-compare': [ '3.0.1' ],
51 silly audit   'string-width': [ '4.2.3' ],
51 silly audit   'string.prototype.matchall': [ '4.0.8' ],
51 silly audit   'string.prototype.trim': [ '1.2.7' ],
51 silly audit   'string.prototype.trimend': [ '1.0.6' ],
51 silly audit   'string.prototype.trimstart': [ '1.0.6' ],
51 silly audit   'stringify-object': [ '3.3.0' ],
51 silly audit   'strip-bom': [ '4.0.0', '3.0.0' ],
51 silly audit   'strip-comments': [ '2.0.1' ],
51 silly audit   'strip-final-newline': [ '2.0.0' ],
51 silly audit   'strip-indent': [ '3.0.0' ],
51 silly audit   'strip-json-comments': [ '3.1.1' ],
51 silly audit   'style-loader': [ '3.3.3' ],
51 silly audit   'styled-components': [ '5.3.11' ],
51 silly audit   stylehacks: [ '5.1.1' ],
51 silly audit   styleq: [ '0.1.3' ],
51 silly audit   sucrase: [ '3.34.0' ],
51 silly audit   'supports-hyperlinks': [ '2.3.0' ],
51 silly audit   'supports-preserve-symlinks-flag': [ '1.0.0' ],
51 silly audit   'svg-parser': [ '2.0.4' ],
51 silly audit   'svg-pathdata': [ '6.0.3' ],
51 silly audit   'symbol-observable': [ '1.2.0' ],
51 silly audit   'symbol-tree': [ '3.2.4' ],
51 silly audit   tailwindcss: [ '3.3.3' ],
51 silly audit   'temp-dir': [ '2.0.0' ],
51 silly audit   tempy: [ '0.6.0' ],
51 silly audit   'terminal-link': [ '2.1.1' ],
51 silly audit   terser: [ '5.31.6' ],
51 silly audit   'terser-webpack-plugin': [ '5.3.10' ],
51 silly audit   'test-exclude': [ '6.0.0' ],
51 silly audit   'text-segmentation': [ '1.0.3' ],
51 silly audit   'text-table': [ '0.2.0' ],
51 silly audit   thenify: [ '3.3.1' ],
51 silly audit   'thenify-all': [ '1.6.0' ],
51 silly audit   throat: [ '6.0.2' ],
51 silly audit   thunky: [ '1.1.0' ],
51 silly audit   'tiny-invariant': [ '1.3.1' ],
51 silly audit   'tiny-warning': [ '1.0.3' ],
51 silly audit   tmpl: [ '1.0.5' ],
51 silly audit   'to-fast-properties': [ '2.0.0' ],
51 silly audit   'to-regex-range': [ '5.0.1' ],
51 silly audit   toidentifier: [ '1.0.1' ],
51 silly audit   'tough-cookie': [ '4.1.3' ],
51 silly audit   universalify: [ '0.2.0', '2.0.0' ],
51 silly audit   'trim-canvas': [ '0.1.2' ],
51 silly audit   tryer: [ '1.0.1' ],
51 silly audit   'ts-interface-checker': [ '0.1.13' ],
51 silly audit   'tsconfig-paths': [ '3.14.2' ],
51 silly audit   tslib: [ '2.6.2', '1.14.1' ],
51 silly audit   tsutils: [ '3.21.0' ],
51 silly audit   'type-check': [ '0.4.0' ],
51 silly audit   'type-detect': [ '4.0.8' ],
51 silly audit   'type-is': [ '1.6.18' ],
51 silly audit   'typed-array-buffer': [ '1.0.0' ],
51 silly audit   'typed-array-byte-length': [ '1.0.0' ],
51 silly audit   'typed-array-byte-offset': [ '1.0.0' ],
51 silly audit   'typed-array-length': [ '1.0.4' ],
51 silly audit   'typedarray-to-buffer': [ '3.1.5' ],
51 silly audit   typescript: [ '4.9.5' ],
51 silly audit   'ua-parser-js': [ '1.0.35' ],
51 silly audit   'unbox-primitive': [ '1.0.2' ],
51 silly audit   uncontrollable: [ '7.2.1' ],
51 silly audit   'unicode-canonical-property-names-ecmascript': [ '2.0.0' ],
51 silly audit   'unicode-match-property-ecmascript': [ '2.0.0' ],
51 silly audit   'unicode-match-property-value-ecmascript': [ '2.1.0' ],
51 silly audit   'unicode-property-aliases-ecmascript': [ '2.1.0' ],
51 silly audit   'unique-string': [ '2.0.0' ],
51 silly audit   unpipe: [ '1.0.0' ],
51 silly audit   unquote: [ '1.1.1' ],
51 silly audit   upath: [ '1.2.0' ],
51 silly audit   'update-browserslist-db': [ '1.0.11' ],
51 silly audit   'uri-js': [ '4.4.1' ],
51 silly audit   'url-parse': [ '1.5.10' ],
51 silly audit   'util-deprecate': [ '1.0.2' ],
51 silly audit   'util.promisify': [ '1.0.1' ],
51 silly audit   utila: [ '0.4.0' ],
51 silly audit   'utils-merge': [ '1.0.1' ],
51 silly audit   utrie: [ '1.0.2' ],
51 silly audit   uuid: [ '8.3.2' ],
51 silly audit   'v8-to-istanbul': [ '8.1.1' ],
51 silly audit   'value-equal': [ '1.0.1' ],
51 silly audit   vary: [ '1.1.2' ],
51 silly audit   'w3c-hr-time': [ '1.0.2' ],
51 silly audit   'w3c-xmlserializer': [ '2.0.0' ],
51 silly audit   walker: [ '1.0.8' ],
51 silly audit   watchpack: [ '2.4.2' ],
51 silly audit   wbuf: [ '1.7.3' ],
51 silly audit   'web-vitals': [ '1.1.2' ],
51 silly audit   webpack: [ '5.94.0' ],
51 silly audit   'webpack-dev-middleware': [ '5.3.4' ],
51 silly audit   'webpack-dev-server': [ '4.15.1' ],
51 silly audit   ws: [ '8.18.0', '7.5.10' ],
51 silly audit   'webpack-manifest-plugin': [ '4.1.1' ],
51 silly audit   'webpack-sources': [ '2.3.1', '3.2.3', '1.4.3' ],
51 silly audit   'websocket-driver': [ '0.7.4' ],
51 silly audit   'websocket-extensions': [ '0.1.4' ],
51 silly audit   'whatwg-encoding': [ '1.0.5' ],
51 silly audit   'whatwg-fetch': [ '3.6.17' ],
51 silly audit   'whatwg-mimetype': [ '2.3.0' ],
51 silly audit   'which-boxed-primitive': [ '1.0.2' ],
51 silly audit   'which-builtin-type': [ '1.1.3' ],
51 silly audit   'which-collection': [ '1.0.1' ],
51 silly audit   'which-typed-array': [ '1.1.11' ],
51 silly audit   'workbox-background-sync': [ '6.6.0' ],
51 silly audit   'workbox-broadcast-update': [ '6.6.0' ],
51 silly audit   'workbox-build': [ '6.6.0' ],
51 silly audit   'workbox-cacheable-response': [ '6.6.0' ],
51 silly audit   'workbox-core': [ '6.6.0' ],
51 silly audit   'workbox-expiration': [ '6.6.0' ],
51 silly audit   'workbox-google-analytics': [ '6.6.0' ],
51 silly audit   'workbox-navigation-preload': [ '6.6.0' ],
51 silly audit   'workbox-precaching': [ '6.6.0' ],
51 silly audit   'workbox-range-requests': [ '6.6.0' ],
51 silly audit   'workbox-recipes': [ '6.6.0' ],
51 silly audit   'workbox-routing': [ '6.6.0' ],
51 silly audit   'workbox-strategies': [ '6.6.0' ],
51 silly audit   'workbox-streams': [ '6.6.0' ],
51 silly audit   'workbox-sw': [ '6.6.0' ],
51 silly audit   'workbox-webpack-plugin': [ '6.6.0' ],
51 silly audit   'workbox-window': [ '6.6.0' ],
51 silly audit   'wrap-ansi': [ '7.0.0' ],
51 silly audit   wrappy: [ '1.0.2' ],
51 silly audit   'write-file-atomic': [ '3.0.3' ],
51 silly audit   'xml-name-validator': [ '3.0.0' ],
51 silly audit   xmlchars: [ '2.2.0' ],
51 silly audit   y18n: [ '5.0.8' ],
51 silly audit   yargs: [ '16.2.0' ],
51 silly audit   'yargs-parser': [ '20.2.9' ],
51 silly audit   'yarn-upgrade-all': [ '0.5.4' ],
51 silly audit   'yocto-queue': [ '0.1.0' ],
51 silly audit   'youtube-player': [ '5.5.2' ]
51 silly audit }
52 verbose reify failed optional dependency /client/node_modules/fsevents
53 silly reify mark deleted [ '/client/node_modules/fsevents' ]
54 timing reifyNode:node_modules/fsevents Completed in 4ms
55 timing reify:unpack Completed in 4ms
56 timing reify:unretire Completed in 1ms
57 timing build:queue Completed in 2ms
58 timing build:deps Completed in 2ms
59 timing build Completed in 2ms
60 timing reify:build Completed in 3ms
61 timing reify:trash Completed in 1ms
62 http fetch POST 200 https://registry.npmjs.org/-/npm/v1/security/advisories/bulk 570ms
63 timing auditReport:getReport Completed in 599ms
64 silly audit report {
64 silly audit report   'body-parser': [
64 silly audit report     {
64 silly audit report       id: 1099520,
64 silly audit report       url: 'https://github.com/advisories/GHSA-qwcr-r2fm-qrc7',
64 silly audit report       title: 'body-parser vulnerable to denial of service when url encoding is enabled',
64 silly audit report       severity: 'high',
64 silly audit report       vulnerable_versions: '<1.20.3',
64 silly audit report       cwe: [Array],
64 silly audit report       cvss: [Object]
64 silly audit report     }
64 silly audit report   ],
64 silly audit report   cookie: [
64 silly audit report     {
64 silly audit report       id: 1099846,
64 silly audit report       url: 'https://github.com/advisories/GHSA-pxg6-pf52-xh8x',
64 silly audit report       title: 'cookie accepts cookie name, path, and domain with out of bounds characters',
64 silly audit report       severity: 'low',
64 silly audit report       vulnerable_versions: '<0.7.0',
64 silly audit report       cwe: [Array],
64 silly audit report       cvss: [Object]
64 silly audit report     }
64 silly audit report   ],
64 silly audit report   dompurify: [
64 silly audit report     {
64 silly audit report       id: 1099597,
64 silly audit report       url: 'https://github.com/advisories/GHSA-mmhx-hmjr-r674',
64 silly audit report       title: 'DOMPurify allows tampering by prototype pollution',
64 silly audit report       severity: 'high',
64 silly audit report       vulnerable_versions: '<2.5.4',
64 silly audit report       cwe: [Array],
64 silly audit report       cvss: [Object]
64 silly audit report     },
64 silly audit report     {
64 silly audit report       id: 1100056,
64 silly audit report       url: 'https://github.com/advisories/GHSA-gx9m-whjm-85jf',
64 silly audit report       title: 'DOMpurify has a nesting-based mXSS',
64 silly audit report       severity: 'high',
64 silly audit report       vulnerable_versions: '<2.5.0',
64 silly audit report       cwe: [Array],
64 silly audit report       cvss: [Object]
64 silly audit report     }
64 silly audit report   ],
64 silly audit report   express: [
64 silly audit report     {
64 silly audit report       id: 1099529,
64 silly audit report       url: 'https://github.com/advisories/GHSA-qw6h-vgh9-j6wx',
64 silly audit report       title: 'express vulnerable to XSS via response.redirect()',
64 silly audit report       severity: 'moderate',
64 silly audit report       vulnerable_versions: '<4.20.0',
64 silly audit report       cwe: [Array],
64 silly audit report       cvss: [Object]
64 silly audit report     }
64 silly audit report   ],
64 silly audit report   'path-to-regexp': [
64 silly audit report     {
64 silly audit report       id: 1099561,
64 silly audit report       url: 'https://github.com/advisories/GHSA-9wv6-86v2-598j',
64 silly audit report       title: 'path-to-regexp outputs backtracking regular expressions',
64 silly audit report       severity: 'high',
64 silly audit report       vulnerable_versions: '>=0.2.0 <1.9.0',
64 silly audit report       cwe: [Array],
64 silly audit report       cvss: [Object]
64 silly audit report     },
64 silly audit report     {
64 silly audit report       id: 1099562,
64 silly audit report       url: 'https://github.com/advisories/GHSA-9wv6-86v2-598j',
64 silly audit report       title: 'path-to-regexp outputs backtracking regular expressions',
64 silly audit report       severity: 'high',
64 silly audit report       vulnerable_versions: '<0.1.10',
64 silly audit report       cwe: [Array],
64 silly audit report       cvss: [Object]
64 silly audit report     }
64 silly audit report   ],
64 silly audit report   jquery: [
64 silly audit report     {
64 silly audit report       id: 1097311,
64 silly audit report       url: 'https://github.com/advisories/GHSA-jpcq-cgw6-v4j6',
64 silly audit report       title: 'Potential XSS vulnerability in jQuery',
64 silly audit report       severity: 'moderate',
64 silly audit report       vulnerable_versions: '>=1.0.3 <3.5.0',
64 silly audit report       cwe: [Array],
64 silly audit report       cvss: [Object]
64 silly audit report     },
64 silly audit report     {
64 silly audit report       id: 1097145,
64 silly audit report       url: 'https://github.com/advisories/GHSA-6c3j-c64m-qhgq',
64 silly audit report       title: 'XSS in jQuery as used in Drupal, Backdrop CMS, and other products',
64 silly audit report       severity: 'moderate',
64 silly audit report       vulnerable_versions: '>=1.1.4 <3.4.0',
64 silly audit report       cwe: [Array],
64 silly audit report       cvss: [Object]
64 silly audit report     },
64 silly audit report     {
64 silly audit report       id: 1094143,
64 silly audit report       url: 'https://github.com/advisories/GHSA-rmxg-73gg-4p98',
64 silly audit report       title: 'Cross-Site Scripting (XSS) in jquery',
64 silly audit report       severity: 'moderate',
64 silly audit report       vulnerable_versions: '>=1.12.3 <3.0.0',
64 silly audit report       cwe: [Array],
64 silly audit report       cvss: [Object]
64 silly audit report     },
64 silly audit report     {
64 silly audit report       id: 1094185,
64 silly audit report       url: 'https://github.com/advisories/GHSA-gxr4-xjj5-5px2',
64 silly audit report       title: 'Potential XSS vulnerability in jQuery',
64 silly audit report       severity: 'moderate',
64 silly audit report       vulnerable_versions: '>=1.2.0 <3.5.0',
64 silly audit report       cwe: [Array],
64 silly audit report       cvss: [Object]
64 silly audit report     }
64 silly audit report   ],
64 silly audit report   'nth-check': [
64 silly audit report     {
64 silly audit report       id: 1095141,
64 silly audit report       url: 'https://github.com/advisories/GHSA-rp65-9cf3-cjxr',
64 silly audit report       title: 'Inefficient Regular Expression Complexity in nth-check',
64 silly audit report       severity: 'high',
64 silly audit report       vulnerable_versions: '<2.0.1',
64 silly audit report       cwe: [Array],
64 silly audit report       cvss: [Object]
64 silly audit report     }
64 silly audit report   ],
64 silly audit report   postcss: [
64 silly audit report     {
64 silly audit report       id: 1094544,
64 silly audit report       url: 'https://github.com/advisories/GHSA-7fh5-64p2-3v2j',
64 silly audit report       title: 'PostCSS line return parsing error',
64 silly audit report       severity: 'moderate',
64 silly audit report       vulnerable_versions: '<8.4.31',
64 silly audit report       cwe: [Array],
64 silly audit report       cvss: [Object]
64 silly audit report     }
64 silly audit report   ],
64 silly audit report   rollup: [
64 silly audit report     {
64 silly audit report       id: 1099757,
64 silly audit report       url: 'https://github.com/advisories/GHSA-gcx4-mw62-g8wm',
64 silly audit report       title: 'DOM Clobbering Gadget found in rollup bundled scripts that leads to XSS',
64 silly audit report       severity: 'high',
64 silly audit report       vulnerable_versions: '<2.79.2',
64 silly audit report       cwe: [Array],
64 silly audit report       cvss: [Object]
64 silly audit report     }
64 silly audit report   ],
64 silly audit report   send: [
64 silly audit report     {
64 silly audit report       id: 1099525,
64 silly audit report       url: 'https://github.com/advisories/GHSA-m6fv-jmcg-4jfg',
64 silly audit report       title: 'send vulnerable to template injection that can lead to XSS',
64 silly audit report       severity: 'moderate',
64 silly audit report       vulnerable_versions: '<0.19.0',
64 silly audit report       cwe: [Array],
64 silly audit report       cvss: [Object]
64 silly audit report     }
64 silly audit report   ],
64 silly audit report   'serve-static': [
64 silly audit report     {
64 silly audit report       id: 1099527,
64 silly audit report       url: 'https://github.com/advisories/GHSA-cm22-4g7w-348p',
64 silly audit report       title: 'serve-static vulnerable to template injection that can lead to XSS',
64 silly audit report       severity: 'moderate',
64 silly audit report       vulnerable_versions: '<1.16.0',
64 silly audit report       cwe: [Array],
64 silly audit report       cvss: [Object]
64 silly audit report     }
64 silly audit report   ]
64 silly audit report }
65 timing metavuln:cache:get:security-advisory:dompurify:W3GiACAdf84f0Ha97f4KmBZAMsGQBM8aHEV99AIvprhTYt18wwkWYQNhVg/BshSeDR6XwB1E39rumFyITqjjVg== Completed in 11ms
66 timing reify:save Completed in 777ms
67 timing metavuln:cache:get:security-advisory:dompurify:zDvvOgl6Xsqv8Drtsm9rDQBBAsX2a9TDeTeoULMMolcfdEE/Prp4k5VruYpvM/HP2ufp529XpFo5SpQBqU+Ttw== Completed in 531ms
68 timing metavuln:cache:get:security-advisory:express:hVvNcW1vjxrtQmaCwPKfE4Z8R62gR0ULNfdF0CLFRiFJto5sSTez9DCVLJ7vjZWLLbcdnPaPDC9ZDCECldX4GQ== Completed in 532ms
69 timing metavuln:cache:get:security-advisory:jquery:hMznzsG2UDoZCl20HUaOGkWVEeU6dZYEFVDPDIwfujkzAmMuJNLtby5bowV+8azBbh2PPfSoGtWw32+ZnqdagA== Completed in 530ms
70 timing metavuln:cache:get:security-advisory:path-to-regexp:MGO+1pdJTigPi3TXGZyVn35t2czXVkYs+fgMO7RE91yslgH9FQoQuUVMgE+5KM1TF4oevhUauG5tddQcIK8Fzg== Completed in 531ms
71 timing metavuln:cache:get:security-advisory:path-to-regexp:fGQW4yTMNoYCXCbNeuvyLkEmgNjTbEcNKkIO1uMXd8X/7hVfS2bxJ3L7Obx9yCwwDMp3mGQDr5EEwFXxTXQdow== Completed in 531ms
72 timing metavuln:cache:get:security-advisory:serve-static:6/5/7wCvhynQFLFlm3uAL70rYGPKRtebq7fww92FL5lg7aniCfsBAW3IWMWnLUwSQWZGUr38TziTDlnBorKdEg== Completed in 528ms
73 timing metavuln:cache:get:security-advisory:jquery:vS853LrwhnW8HSpSvAw3doPjm7UdabCbZmhaob1/ISFWNTHuH/9UCI5kNpgmk5zjGj7WDWmoitW//v7qOpXVyw== Completed in 531ms
74 timing metavuln:cache:get:security-advisory:send:OShLTeaftGdoI6AC7xvJ84fklSsg8XN9g5w+pRFqXWtM66RkMgSjQaSgIRFeMMpYy/URhePqWfUgvGta5cUXXw== Completed in 529ms
75 timing metavuln:cache:get:security-advisory:rollup:Lu7WQq9mqSc21tM3qqP9bbwCiDlZZIeWHYNIdZrnxLhzYJLCcUEgmZ1bJZCCmlMev0weVFQw2GvrjSbGvwNoSg== Completed in 530ms
76 timing metavuln:cache:get:security-advisory:jquery:JfyxT3EHQDz7mP2BQ0PKxfs/zFQxp2AOp2VGqyoCyhcqdr+BJg7apS8uqGuuH/ZDGS94eXBXrYOz/xmGJP0Mdw== Completed in 532ms
77 timing metavuln:cache:get:security-advisory:postcss:ylHlqxOD5gx7vcQurwTZyQHJsodRCM2yV95izcDPSahj+DDa6IEdlDh7BWAlf7fDDEd+NyVQHm50pHmcApHI4w== Completed in 533ms
78 timing metavuln:cache:get:security-advisory:cookie:fiAgy8LdsBPaQEbo7M3TC0K1AVc7Dl69m8P2pmr6RTs1eBYnkyvV6lHHCRB0mAKtL1TSQPXxJVEHOqp48Uvhag== Completed in 538ms
79 timing metavuln:cache:get:security-advisory:jquery:EMapK5kzN+Zk9uaqvaI7zJld+ukcCMxTeQp62ZFj6MJYkYc/2qf68ycBvSrq91VDFW3usRXCXLmjWR2U0JUVdQ== Completed in 536ms
80 timing metavuln:cache:get:security-advisory:nth-check:u9kIbs88jjqPq0zHVBinwei/KZ5GCRRfUp85vuDQlT/Si01qI5XVVQOSRujFCbyFsnHqETob3CApPmYQZ74K2A== Completed in 540ms
81 timing metavuln:cache:get:security-advisory:body-parser:uoEU0GS6gk35ZdcQ5nagZYzZcDz5Th0PEvPIVa8rzwbO20pRdxYbAhpIm6Wc5MALXoWb1C4X8WqCtH02U0Wo1A== Completed in 575ms
82 http fetch GET 200 https://registry.npmjs.org/cookie 613ms (cache updated)
83 timing metavuln:packument:cookie Completed in 613ms
84 timing metavuln:load:security-advisory:cookie:1099846 Completed in 2ms
85 timing metavuln:cache:put:security-advisory:cookie:fiAgy8LdsBPaQEbo7M3TC0K1AVc7Dl69m8P2pmr6RTs1eBYnkyvV6lHHCRB0mAKtL1TSQPXxJVEHOqp48Uvhag== Completed in 5ms
86 timing metavuln:calculate:security-advisory:cookie:1099846 Completed in 621ms
87 http fetch GET 200 https://registry.npmjs.org/path-to-regexp 671ms (cache revalidated)
88 timing metavuln:packument:path-to-regexp Completed in 672ms
89 timing metavuln:load:security-advisory:path-to-regexp:1099561 Completed in 1ms
90 timing metavuln:calculate:security-advisory:path-to-regexp:1099561 Completed in 673ms
91 timing metavuln:load:security-advisory:path-to-regexp:1099562 Completed in 0ms
92 timing metavuln:calculate:security-advisory:path-to-regexp:1099562 Completed in 673ms
93 http fetch GET 200 https://registry.npmjs.org/express 675ms (cache revalidated)
94 timing metavuln:packument:express Completed in 681ms
95 timing metavuln:load:security-advisory:express:1099529 Completed in 6ms
96 timing metavuln:calculate:security-advisory:express:1099529 Completed in 688ms
97 http fetch GET 200 https://registry.npmjs.org/dompurify 700ms (cache revalidated)
98 timing metavuln:packument:dompurify Completed in 703ms
99 timing metavuln:load:security-advisory:dompurify:1099597 Completed in 1ms
100 timing metavuln:calculate:security-advisory:dompurify:1099597 Completed in 705ms
101 timing metavuln:load:security-advisory:dompurify:1100056 Completed in 5ms
102 http fetch GET 200 https://registry.npmjs.org/serve-static 707ms (cache revalidated)
103 timing metavuln:packument:serve-static Completed in 708ms
104 timing metavuln:load:security-advisory:serve-static:1099527 Completed in 1ms
105 timing metavuln:calculate:security-advisory:serve-static:1099527 Completed in 709ms
106 http fetch GET 200 https://registry.npmjs.org/postcss 711ms (cache revalidated)
107 timing metavuln:packument:postcss Completed in 716ms
108 timing metavuln:load:security-advisory:postcss:1094544 Completed in 3ms
109 timing metavuln:calculate:security-advisory:postcss:1094544 Completed in 719ms
110 http fetch GET 200 https://registry.npmjs.org/body-parser 726ms (cache revalidated)
111 timing metavuln:packument:body-parser Completed in 728ms
112 timing metavuln:load:security-advisory:body-parser:1099520 Completed in 1ms
113 timing metavuln:calculate:security-advisory:body-parser:1099520 Completed in 730ms
114 http fetch GET 200 https://registry.npmjs.org/nth-check 725ms (cache revalidated)
115 timing metavuln:packument:nth-check Completed in 726ms
116 timing metavuln:load:security-advisory:nth-check:1095141 Completed in 0ms
117 timing metavuln:calculate:security-advisory:nth-check:1095141 Completed in 727ms
118 http fetch GET 200 https://registry.npmjs.org/send 730ms (cache updated)
119 timing metavuln:packument:send Completed in 731ms
120 timing metavuln:load:security-advisory:send:1099525 Completed in 0ms
121 http fetch GET 200 https://registry.npmjs.org/rollup 740ms (cache revalidated)
122 timing metavuln:packument:rollup Completed in 764ms
123 timing metavuln:load:security-advisory:rollup:1099757 Completed in 9ms
124 timing metavuln:calculate:security-advisory:rollup:1099757 Completed in 773ms
125 http fetch GET 200 https://registry.npmjs.org/jquery 776ms (cache revalidated)
126 timing metavuln:packument:jquery Completed in 777ms
127 timing metavuln:load:security-advisory:jquery:1097311 Completed in 0ms
128 timing metavuln:calculate:security-advisory:jquery:1097311 Completed in 778ms
129 timing metavuln:load:security-advisory:jquery:1097145 Completed in 0ms
130 timing metavuln:calculate:security-advisory:jquery:1097145 Completed in 779ms
131 timing metavuln:load:security-advisory:jquery:1094143 Completed in 0ms
132 timing metavuln:calculate:security-advisory:jquery:1094143 Completed in 779ms
133 timing metavuln:load:security-advisory:jquery:1094185 Completed in 0ms
134 timing metavuln:calculate:security-advisory:jquery:1094185 Completed in 779ms
135 timing metavuln:cache:put:security-advisory:dompurify:W3GiACAdf84f0Ha97f4KmBZAMsGQBM8aHEV99AIvprhTYt18wwkWYQNhVg/BshSeDR6XwB1E39rumFyITqjjVg== Completed in 76ms
136 timing metavuln:calculate:security-advisory:dompurify:1100056 Completed in 786ms
137 timing metavuln:cache:put:security-advisory:send:OShLTeaftGdoI6AC7xvJ84fklSsg8XN9g5w+pRFqXWtM66RkMgSjQaSgIRFeMMpYy/URhePqWfUgvGta5cUXXw== Completed in 49ms
138 timing metavuln:calculate:security-advisory:send:1099525 Completed in 783ms
139 timing metavuln:cache:get:security-advisory:express:jvTd6gzTcOHtTpI+4CX7Ne4qICdj+n1Uun+dHPDk1JAyy9ltqA8JnsvVhBi+M0Y+kR5QoSv5YqjecJACWBUhEA== Completed in 2ms
140 timing metavuln:load:security-advisory:express:uoEU0GS6gk35ZdcQ5nagZYzZcDz5Th0PEvPIVa8rzwbO20pRdxYbAhpIm6Wc5MALXoWb1C4X8WqCtH02U0Wo1A== Completed in 1ms
141 timing metavuln:calculate:security-advisory:express:uoEU0GS6gk35ZdcQ5nagZYzZcDz5Th0PEvPIVa8rzwbO20pRdxYbAhpIm6Wc5MALXoWb1C4X8WqCtH02U0Wo1A== Completed in 3ms
142 timing metavuln:cache:get:security-advisory:express:wpiLhoazHuPn1BZx3aoZElXRJGtv0L0hAoLu6mSYyQJJZRllThEbX+Zz/Sao2aEUznMvCOKVfYofpLqfRxfcfQ== Completed in 1ms
143 timing metavuln:load:security-advisory:express:fiAgy8LdsBPaQEbo7M3TC0K1AVc7Dl69m8P2pmr6RTs1eBYnkyvV6lHHCRB0mAKtL1TSQPXxJVEHOqp48Uvhag== Completed in 21ms
144 timing metavuln:cache:put:security-advisory:express:wpiLhoazHuPn1BZx3aoZElXRJGtv0L0hAoLu6mSYyQJJZRllThEbX+Zz/Sao2aEUznMvCOKVfYofpLqfRxfcfQ== Completed in 3ms
145 timing metavuln:calculate:security-advisory:express:fiAgy8LdsBPaQEbo7M3TC0K1AVc7Dl69m8P2pmr6RTs1eBYnkyvV6lHHCRB0mAKtL1TSQPXxJVEHOqp48Uvhag== Completed in 26ms
146 timing metavuln:cache:get:security-advisory:jspdf:GRFsQx45N2e53g5zHoBw6J+oyyR4mXVSPE32s0OVc7EHYrtVQhwb6t2S0tuC1mqXwtcJS49i1pl6fGEcrXHCDg== Completed in 2ms
147 http fetch GET 200 https://registry.npmjs.org/jspdf 85ms (cache revalidated)
148 timing metavuln:packument:jspdf Completed in 86ms
149 timing metavuln:load:security-advisory:jspdf:zDvvOgl6Xsqv8Drtsm9rDQBBAsX2a9TDeTeoULMMolcfdEE/Prp4k5VruYpvM/HP2ufp529XpFo5SpQBqU+Ttw== Completed in 0ms
150 timing metavuln:calculate:security-advisory:jspdf:zDvvOgl6Xsqv8Drtsm9rDQBBAsX2a9TDeTeoULMMolcfdEE/Prp4k5VruYpvM/HP2ufp529XpFo5SpQBqU+Ttw== Completed in 86ms
151 timing metavuln:cache:get:security-advisory:webpack-dev-server:BSva5FjAy4RbOMODQFNfeqNIUIPXWDlcTHjV7VzEs0TseOstcez0zUUYjr8qEv+t/4LytC9L1aDayXlRiN3NWw== Completed in 3ms
152 http fetch GET 200 https://registry.npmjs.org/webpack-dev-server 94ms (cache revalidated)
153 timing metavuln:packument:webpack-dev-server Completed in 103ms
154 timing metavuln:load:security-advisory:webpack-dev-server:hVvNcW1vjxrtQmaCwPKfE4Z8R62gR0ULNfdF0CLFRiFJto5sSTez9DCVLJ7vjZWLLbcdnPaPDC9ZDCECldX4GQ== Completed in 1ms
155 timing metavuln:calculate:security-advisory:webpack-dev-server:hVvNcW1vjxrtQmaCwPKfE4Z8R62gR0ULNfdF0CLFRiFJto5sSTez9DCVLJ7vjZWLLbcdnPaPDC9ZDCECldX4GQ== Completed in 106ms
156 timing metavuln:cache:get:security-advisory:react-router:QlImvoZx1truR7ri1y86dCHjcLqDoikZTty3AgpU77BJ7xj4UcoMtwo1khkFlMbjZ/KOr+j2mhuQbzz4tnDqlA== Completed in 6ms
157 http fetch GET 200 https://registry.npmjs.org/react-router 172ms (cache updated)
158 timing metavuln:packument:react-router Completed in 179ms
159 timing metavuln:load:security-advisory:react-router:fGQW4yTMNoYCXCbNeuvyLkEmgNjTbEcNKkIO1uMXd8X/7hVfS2bxJ3L7Obx9yCwwDMp3mGQDr5EEwFXxTXQdow== Completed in 8ms
160 timing metavuln:cache:put:security-advisory:react-router:QlImvoZx1truR7ri1y86dCHjcLqDoikZTty3AgpU77BJ7xj4UcoMtwo1khkFlMbjZ/KOr+j2mhuQbzz4tnDqlA== Completed in 4ms
161 timing metavuln:calculate:security-advisory:react-router:fGQW4yTMNoYCXCbNeuvyLkEmgNjTbEcNKkIO1uMXd8X/7hVfS2bxJ3L7Obx9yCwwDMp3mGQDr5EEwFXxTXQdow== Completed in 192ms
162 timing metavuln:cache:get:security-advisory:express:rT3NvJVkQ/88Msx6/Jy+yX0rnG51IL6fcI7HNTejs6EC3xbaoIFvF8zk2TGhCwnefscotuiJiewzaHZjBqrORQ== Completed in 2ms
163 timing metavuln:load:security-advisory:express:MGO+1pdJTigPi3TXGZyVn35t2czXVkYs+fgMO7RE91yslgH9FQoQuUVMgE+5KM1TF4oevhUauG5tddQcIK8Fzg== Completed in 1ms
164 timing metavuln:calculate:security-advisory:express:MGO+1pdJTigPi3TXGZyVn35t2czXVkYs+fgMO7RE91yslgH9FQoQuUVMgE+5KM1TF4oevhUauG5tddQcIK8Fzg== Completed in 3ms
165 timing metavuln:cache:get:security-advisory:css-select:SLFoDCntvPIX7nfh4g/iCe2/KeoLVy5CIo+Vtscwot4QJeqx55N/LgyavNwRLdiV5D/6y18tMpVEodIgf/9HMA== Completed in 2ms
166 http fetch GET 200 https://registry.npmjs.org/css-select 63ms (cache revalidated)
167 timing metavuln:packument:css-select Completed in 64ms
168 timing metavuln:load:security-advisory:css-select:u9kIbs88jjqPq0zHVBinwei/KZ5GCRRfUp85vuDQlT/Si01qI5XVVQOSRujFCbyFsnHqETob3CApPmYQZ74K2A== Completed in 0ms
169 timing metavuln:calculate:security-advisory:css-select:u9kIbs88jjqPq0zHVBinwei/KZ5GCRRfUp85vuDQlT/Si01qI5XVVQOSRujFCbyFsnHqETob3CApPmYQZ74K2A== Completed in 64ms
170 timing metavuln:cache:get:security-advisory:resolve-url-loader:NMmXK6xVhonFWyuVjVZvtHCgDtIj2Xt/NObjzI+nKFgCMVK0SPWnlUyO5ZfDMa1dK6KZVYB4z5/E6SGUubEZmA== Completed in 3ms
171 http fetch GET 200 https://registry.npmjs.org/resolve-url-loader 120ms (cache revalidated)
172 timing metavuln:packument:resolve-url-loader Completed in 121ms
173 timing metavuln:load:security-advisory:resolve-url-loader:ylHlqxOD5gx7vcQurwTZyQHJsodRCM2yV95izcDPSahj+DDa6IEdlDh7BWAlf7fDDEd+NyVQHm50pHmcApHI4w== Completed in 0ms
174 timing metavuln:calculate:security-advisory:resolve-url-loader:ylHlqxOD5gx7vcQurwTZyQHJsodRCM2yV95izcDPSahj+DDa6IEdlDh7BWAlf7fDDEd+NyVQHm50pHmcApHI4w== Completed in 122ms
175 timing metavuln:cache:get:security-advisory:@rollup/pluginutils:mpCOhrElbxAVdgTCON65ai4cY32NSN/X5O2BVzHfzGe9WT+eb4MMVgWqUptW1IHNKHqWHwVhaNoL4jp5m4DdZg== Completed in 15ms
176 timing metavuln:cache:get:security-advisory:workbox-build:3jZAx2RP/GiSdkmNN7SGRhrjBfLd5/MITr6j+PN08DvkdtcNKdtRcBa387+t79APdBfmQ9+rnZhUfOo3l+CZgA== Completed in 14ms
177 timing metavuln:cache:get:security-advisory:@rollup/plugin-babel:Q07sprUfqjHdqWbjoACKMP+kP5WVdFCWUpSwHVh9KSIDG3SN6QQdGGK52ig0iNvDYdW8DF6CyrWvwlhnqtU6tw== Completed in 18ms
178 timing metavuln:cache:get:security-advisory:rollup-plugin-terser:4x6DY5vt76Uj3C0y3nkJI6cKLltbQoN1adDYibrKgXrmp4P28aaURxJsVq2RHyYqMooJxQO+KRSbMoK2Q+Jmhw== Completed in 14ms
179 timing metavuln:cache:get:security-advisory:@rollup/plugin-replace:Tqq1VzvcGZ9ndU9w4CIkl+YQPvtC3LyUBG6Nv90Yqv5ugA/ZxjZHSmubLqCOmF3ULbQ/0tHN8a+PWh+xvPiTDA== Completed in 17ms
180 timing metavuln:cache:get:security-advisory:@rollup/plugin-node-resolve:FEBZF5/ciDwaYTaSRQeGtQFcWios1h89WOYabUP5vVPA++kOe99QXZt4CbjkW0IC+4r2uV4gPTd9YiFHUUJk3w== Completed in 18ms
181 http fetch GET 200 https://registry.npmjs.org/workbox-build 68ms (cache revalidated)
182 timing metavuln:packument:workbox-build Completed in 70ms
183 timing metavuln:load:security-advisory:workbox-build:Lu7WQq9mqSc21tM3qqP9bbwCiDlZZIeWHYNIdZrnxLhzYJLCcUEgmZ1bJZCCmlMev0weVFQw2GvrjSbGvwNoSg== Completed in 0ms
184 timing metavuln:calculate:security-advisory:workbox-build:Lu7WQq9mqSc21tM3qqP9bbwCiDlZZIeWHYNIdZrnxLhzYJLCcUEgmZ1bJZCCmlMev0weVFQw2GvrjSbGvwNoSg== Completed in 72ms
185 http fetch GET 200 https://registry.npmjs.org/@rollup%2fplugin-replace 91ms (cache revalidated)
186 timing metavuln:packument:@rollup/plugin-replace Completed in 92ms
187 timing metavuln:load:security-advisory:@rollup/plugin-replace:Lu7WQq9mqSc21tM3qqP9bbwCiDlZZIeWHYNIdZrnxLhzYJLCcUEgmZ1bJZCCmlMev0weVFQw2GvrjSbGvwNoSg== Completed in 0ms
188 timing metavuln:calculate:security-advisory:@rollup/plugin-replace:Lu7WQq9mqSc21tM3qqP9bbwCiDlZZIeWHYNIdZrnxLhzYJLCcUEgmZ1bJZCCmlMev0weVFQw2GvrjSbGvwNoSg== Completed in 92ms
189 http fetch GET 200 https://registry.npmjs.org/rollup-plugin-terser 105ms (cache revalidated)
190 timing metavuln:packument:rollup-plugin-terser Completed in 106ms
191 timing metavuln:load:security-advisory:rollup-plugin-terser:Lu7WQq9mqSc21tM3qqP9bbwCiDlZZIeWHYNIdZrnxLhzYJLCcUEgmZ1bJZCCmlMev0weVFQw2GvrjSbGvwNoSg== Completed in 0ms
192 timing metavuln:calculate:security-advisory:rollup-plugin-terser:Lu7WQq9mqSc21tM3qqP9bbwCiDlZZIeWHYNIdZrnxLhzYJLCcUEgmZ1bJZCCmlMev0weVFQw2GvrjSbGvwNoSg== Completed in 106ms
193 http fetch GET 200 https://registry.npmjs.org/@rollup%2fplugin-babel 118ms (cache revalidated)
194 timing metavuln:packument:@rollup/plugin-babel Completed in 120ms
195 timing metavuln:load:security-advisory:@rollup/plugin-babel:Lu7WQq9mqSc21tM3qqP9bbwCiDlZZIeWHYNIdZrnxLhzYJLCcUEgmZ1bJZCCmlMev0weVFQw2GvrjSbGvwNoSg== Completed in 0ms
196 timing metavuln:calculate:security-advisory:@rollup/plugin-babel:Lu7WQq9mqSc21tM3qqP9bbwCiDlZZIeWHYNIdZrnxLhzYJLCcUEgmZ1bJZCCmlMev0weVFQw2GvrjSbGvwNoSg== Completed in 120ms
197 http fetch GET 200 https://registry.npmjs.org/@rollup%2fpluginutils 127ms (cache revalidated)
198 timing metavuln:packument:@rollup/pluginutils Completed in 128ms
199 timing metavuln:load:security-advisory:@rollup/pluginutils:Lu7WQq9mqSc21tM3qqP9bbwCiDlZZIeWHYNIdZrnxLhzYJLCcUEgmZ1bJZCCmlMev0weVFQw2GvrjSbGvwNoSg== Completed in 0ms
200 timing metavuln:calculate:security-advisory:@rollup/pluginutils:Lu7WQq9mqSc21tM3qqP9bbwCiDlZZIeWHYNIdZrnxLhzYJLCcUEgmZ1bJZCCmlMev0weVFQw2GvrjSbGvwNoSg== Completed in 129ms
201 http fetch GET 200 https://registry.npmjs.org/@rollup%2fplugin-node-resolve 133ms (cache revalidated)
202 timing metavuln:packument:@rollup/plugin-node-resolve Completed in 135ms
203 timing metavuln:load:security-advisory:@rollup/plugin-node-resolve:Lu7WQq9mqSc21tM3qqP9bbwCiDlZZIeWHYNIdZrnxLhzYJLCcUEgmZ1bJZCCmlMev0weVFQw2GvrjSbGvwNoSg== Completed in 0ms
204 timing metavuln:calculate:security-advisory:@rollup/plugin-node-resolve:Lu7WQq9mqSc21tM3qqP9bbwCiDlZZIeWHYNIdZrnxLhzYJLCcUEgmZ1bJZCCmlMev0weVFQw2GvrjSbGvwNoSg== Completed in 136ms
205 timing metavuln:cache:get:security-advisory:express:xLZ7vThFpE1wlRWTPTFOjjJ1i5Wu8q/HC4n4uyTn1eNHaD3tpDEm5B24gTw6/wesKir2r8HYImjCcIpkG5zKYw== Completed in 2ms
206 timing metavuln:load:security-advisory:express:OShLTeaftGdoI6AC7xvJ84fklSsg8XN9g5w+pRFqXWtM66RkMgSjQaSgIRFeMMpYy/URhePqWfUgvGta5cUXXw== Completed in 27ms
207 timing metavuln:cache:get:security-advisory:serve-static:+4ES5L6wOU+n07z1dxXG80UrqDTSPCvHDdGabQr8AKIBUHjLmwOE4rkwa/jvhXc/6NudzDSsLDHTHXsv066Big== Completed in 30ms
208 timing metavuln:load:security-advisory:serve-static:OShLTeaftGdoI6AC7xvJ84fklSsg8XN9g5w+pRFqXWtM66RkMgSjQaSgIRFeMMpYy/URhePqWfUgvGta5cUXXw== Completed in 5ms
209 timing metavuln:cache:put:security-advisory:express:xLZ7vThFpE1wlRWTPTFOjjJ1i5Wu8q/HC4n4uyTn1eNHaD3tpDEm5B24gTw6/wesKir2r8HYImjCcIpkG5zKYw== Completed in 10ms
210 timing metavuln:calculate:security-advisory:express:OShLTeaftGdoI6AC7xvJ84fklSsg8XN9g5w+pRFqXWtM66RkMgSjQaSgIRFeMMpYy/URhePqWfUgvGta5cUXXw== Completed in 39ms
211 timing metavuln:cache:put:security-advisory:serve-static:+4ES5L6wOU+n07z1dxXG80UrqDTSPCvHDdGabQr8AKIBUHjLmwOE4rkwa/jvhXc/6NudzDSsLDHTHXsv066Big== Completed in 4ms
212 timing metavuln:calculate:security-advisory:serve-static:OShLTeaftGdoI6AC7xvJ84fklSsg8XN9g5w+pRFqXWtM66RkMgSjQaSgIRFeMMpYy/URhePqWfUgvGta5cUXXw== Completed in 39ms
213 timing metavuln:cache:get:security-advisory:express:A4TsuZI2o2e0Ax7EVEf6x3DHWrVSBPtfBMqN7I7BuTJxGdmyNf2R1CKhxVqsL77dRLUncIkqSwPzs6u/8nVzzg== Completed in 1ms
214 timing metavuln:load:security-advisory:express:6/5/7wCvhynQFLFlm3uAL70rYGPKRtebq7fww92FL5lg7aniCfsBAW3IWMWnLUwSQWZGUr38TziTDlnBorKdEg== Completed in 2ms
215 timing metavuln:calculate:security-advisory:express:6/5/7wCvhynQFLFlm3uAL70rYGPKRtebq7fww92FL5lg7aniCfsBAW3IWMWnLUwSQWZGUr38TziTDlnBorKdEg== Completed in 3ms
216 timing metavuln:cache:get:security-advisory:svgo:XUKKCUuEIfThVsBLy+oF8GyP7lxkVuLkW//+NY5/KIf8QcWHSFuyi5ASrjDctKGKZ6oI4iYXN2mfMc9AZn06XQ== Completed in 2ms
217 http fetch GET 200 https://registry.npmjs.org/svgo 51ms (cache revalidated)
218 timing metavuln:packument:svgo Completed in 55ms
219 timing metavuln:load:security-advisory:svgo:SLFoDCntvPIX7nfh4g/iCe2/KeoLVy5CIo+Vtscwot4QJeqx55N/LgyavNwRLdiV5D/6y18tMpVEodIgf/9HMA== Completed in 1ms
220 timing metavuln:calculate:security-advisory:svgo:SLFoDCntvPIX7nfh4g/iCe2/KeoLVy5CIo+Vtscwot4QJeqx55N/LgyavNwRLdiV5D/6y18tMpVEodIgf/9HMA== Completed in 56ms
221 timing metavuln:cache:get:security-advisory:react-scripts:kKU8uM+qTtInubgYQrn1Pxn81QMWKfkCDfIZjup8wyMg7BSnoJIdXRXTKPG7RjTojqBqBxvALJQnSFxA9BPZoA== Completed in 3ms
222 http fetch GET 200 https://registry.npmjs.org/react-scripts 61ms (cache revalidated)
223 timing metavuln:packument:react-scripts Completed in 69ms
224 timing metavuln:load:security-advisory:react-scripts:NMmXK6xVhonFWyuVjVZvtHCgDtIj2Xt/NObjzI+nKFgCMVK0SPWnlUyO5ZfDMa1dK6KZVYB4z5/E6SGUubEZmA== Completed in 1ms
225 timing metavuln:calculate:security-advisory:react-scripts:NMmXK6xVhonFWyuVjVZvtHCgDtIj2Xt/NObjzI+nKFgCMVK0SPWnlUyO5ZfDMa1dK6KZVYB4z5/E6SGUubEZmA== Completed in 71ms
226 timing metavuln:cache:get:security-advisory:@svgr/plugin-svgo:EsuzSbf7+Y+7kKOmijkK+GD/doYYcoKZ2epSaSjuMjK3D5MenoOfnownHNwRmdBZcaR1NsuBUK35WDllW+AMMw== Completed in 17ms
227 http fetch GET 200 https://registry.npmjs.org/@svgr%2fplugin-svgo 111ms (cache revalidated)
228 timing metavuln:packument:@svgr/plugin-svgo Completed in 112ms
229 timing metavuln:load:security-advisory:@svgr/plugin-svgo:XUKKCUuEIfThVsBLy+oF8GyP7lxkVuLkW//+NY5/KIf8QcWHSFuyi5ASrjDctKGKZ6oI4iYXN2mfMc9AZn06XQ== Completed in 1ms
230 timing metavuln:calculate:security-advisory:@svgr/plugin-svgo:XUKKCUuEIfThVsBLy+oF8GyP7lxkVuLkW//+NY5/KIf8QcWHSFuyi5ASrjDctKGKZ6oI4iYXN2mfMc9AZn06XQ== Completed in 113ms
231 timing metavuln:cache:get:security-advisory:@svgr/webpack:IqnIHrynVlqAtMhtysIZT7fFR47WkNiVdS0bltwMCNwW6AuOVEGK8Ns3UrtOyzCH0k8s8awx0D1vcr5HtSiaPw== Completed in 2ms
232 http fetch GET 200 https://registry.npmjs.org/@svgr%2fwebpack 102ms (cache revalidated)
233 timing metavuln:packument:@svgr/webpack Completed in 103ms
234 timing metavuln:load:security-advisory:@svgr/webpack:EsuzSbf7+Y+7kKOmijkK+GD/doYYcoKZ2epSaSjuMjK3D5MenoOfnownHNwRmdBZcaR1NsuBUK35WDllW+AMMw== Completed in 0ms
235 timing metavuln:calculate:security-advisory:@svgr/webpack:EsuzSbf7+Y+7kKOmijkK+GD/doYYcoKZ2epSaSjuMjK3D5MenoOfnownHNwRmdBZcaR1NsuBUK35WDllW+AMMw== Completed in 103ms
236 timing metavuln:cache:get:security-advisory:react-scripts:Oynm4f28m7wqpHeAVQPAu6HUX0KhswQORZBCdzEDs2/Qk227PWimoI5yjY/d79GoOSw+zJpJ6uMhVBngEzK4zQ== Completed in 2ms
237 timing metavuln:load:security-advisory:react-scripts:IqnIHrynVlqAtMhtysIZT7fFR47WkNiVdS0bltwMCNwW6AuOVEGK8Ns3UrtOyzCH0k8s8awx0D1vcr5HtSiaPw== Completed in 1ms
238 timing metavuln:calculate:security-advisory:react-scripts:IqnIHrynVlqAtMhtysIZT7fFR47WkNiVdS0bltwMCNwW6AuOVEGK8Ns3UrtOyzCH0k8s8awx0D1vcr5HtSiaPw== Completed in 4ms
239 timing auditReport:init Completed in 1949ms
240 timing reify:audit Completed in 2552ms
241 timing reify Completed in 14567ms
242 silly ADD
243 timing command:install Completed in 14629ms
244 notice
244 notice New major version of npm available! 8.19.4 -> 10.9.0
244 notice Changelog: <https://github.com/npm/cli/releases/tag/v10.9.0>
244 notice Run `npm install -g npm@10.9.0` to update!
244 notice
245 verbose exit 0
246 timing npm Completed in 15072ms
247 info ok
